#
# There is insufficient memory for the Java Runtime Environment to continue.
# Native memory allocation (malloc) failed to allocate 330096 bytes for Chunk::new
# Possible reasons:
#   The system is out of physical RAM or swap space
#   The process is running with CompressedOops enabled, and the Java Heap may be blocking the growth of the native heap
# Possible solutions:
#   Reduce memory load on the system
#   Increase physical memory or swap space
#   Check if swap backing store is full
#   Decrease Java heap size (-Xmx/-Xms)
#   Decrease number of Java threads
#   Decrease Java thread stack sizes (-Xss)
#   Set larger code cache with -XX:ReservedCodeCacheSize=
#   JVM is running with Unscaled Compressed Oops mode in which the Java heap is
#     placed in the first 4GB address space. The Java Heap base address is the
#     maximum limit for the native heap growth. Please use -XX:HeapBaseMinAddress
#     to set the Java Heap base and to place the Java Heap above 4GB virtual address.
# This output file may be truncated or incomplete.
#
#  Out of Memory Error (./src/hotspot/share/memory/arena.cpp:197), pid=232, tid=12084
#
# JRE version: OpenJDK Runtime Environment Corretto-11.0.15.9.1 (11.0.15+9) (build 11.0.15+9-LTS)
# Java VM: OpenJDK 64-Bit Server VM Corretto-11.0.15.9.1 (11.0.15+9-LTS, mixed mode, tiered, compressed oops, g1 gc, windows-amd64)
# No core dump will be written. Minidumps are not enabled by default on client versions of Windows
#

---------------  S U M M A R Y ------------

Command Line: --add-opens=java.base/java.util=ALL-UNNAMED --add-opens=java.base/java.lang=ALL-UNNAMED --add-opens=java.base/java.lang.invoke=ALL-UNNAMED --add-opens=java.base/java.util=ALL-UNNAMED --add-opens=java.prefs/java.util.prefs=ALL-UNNAMED --add-opens=java.prefs/java.util.prefs=ALL-UNNAMED --add-opens=java.base/java.nio.charset=ALL-UNNAMED --add-opens=java.base/java.net=ALL-UNNAMED --add-opens=java.base/java.util.concurrent.atomic=ALL-UNNAMED -XX:MaxMetaspaceSize=256m -XX:+HeapDumpOnOutOfMemoryError -Xms256m -Xmx512m -Dfile.encoding=windows-1252 -Duser.country=IN -Duser.language=en -Duser.variant org.gradle.launcher.daemon.bootstrap.GradleDaemon 7.1

Host: Intel(R) Core(TM) i3-6100 CPU @ 3.70GHz, 4 cores, 7G,  Windows 10 , 64 bit Build 17763 (10.0.17763.475)
Time: Fri Aug  5 10:26:55 2022 India Standard Time elapsed time: 44.209454 seconds (0d 0h 0m 44s)

---------------  T H R E A D  ---------------

Current thread (0x0000020346fca800):  JavaThread "C2 CompilerThread0" daemon [_thread_in_native, id=12084, stack(0x000000c9f2000000,0x000000c9f2100000)]


Current CompileTask:
C2:  44209 3114       4       sun.nio.fs.WindowsPathParser::normalize (233 bytes)

Stack: [0x000000c9f2000000,0x000000c9f2100000]
Native frames: (J=compiled Java code, j=interpreted, Vv=VM code, C=native code)
V  [jvm.dll+0x61e7ba]
V  [jvm.dll+0x7ab749]
V  [jvm.dll+0x7ace38]
V  [jvm.dll+0x7ad513]
V  [jvm.dll+0x24f968]
V  [jvm.dll+0xc262c]
V  [jvm.dll+0xc2bec]
V  [jvm.dll+0x359b62]
V  [jvm.dll+0x19e789]
V  [jvm.dll+0x208eb2]
V  [jvm.dll+0x207f8d]
V  [jvm.dll+0x18a371]
V  [jvm.dll+0x2176e4]
V  [jvm.dll+0x21592b]
V  [jvm.dll+0x76e250]
V  [jvm.dll+0x7671b4]
V  [jvm.dll+0x61d616]
C  [ucrtbase.dll+0x21ffa]
C  [KERNEL32.DLL+0x17974]
C  [ntdll.dll+0x6a271]


---------------  P R O C E S S  ---------------

Threads class SMR info:
_java_thread_list=0x0000020349a3f200, length=33, elements={
0x00000203297bd000, 0x0000020346655000, 0x000002034665e800, 0x0000020346674000,
0x0000020346676800, 0x0000020346fc4800, 0x0000020346fca800, 0x0000020346fd0000,
0x0000020346fd2800, 0x0000020347138800, 0x00000203486f7000, 0x000002034731e000,
0x0000020347d7b000, 0x00000203472f8800, 0x00000203487a5800, 0x0000020348631800,
0x0000020347c77000, 0x0000020347c78000, 0x00000203487bf800, 0x00000203487c0000,
0x000002034708b000, 0x000002034708c800, 0x000002034708d800, 0x0000020347088000,
0x0000020347088800, 0x000002034708e800, 0x000002034708c000, 0x0000020347089800,
0x000002034708a000, 0x00000203493d0800, 0x00000203493d3000, 0x00000203493d2000,
0x00000203493cf800
}

Java Threads: ( => current thread )
  0x00000203297bd000 JavaThread "main" [_thread_blocked, id=2920, stack(0x000000c9f1400000,0x000000c9f1500000)]
  0x0000020346655000 JavaThread "Reference Handler" daemon [_thread_blocked, id=2924, stack(0x000000c9f1b00000,0x000000c9f1c00000)]
  0x000002034665e800 JavaThread "Finalizer" daemon [_thread_blocked, id=5648, stack(0x000000c9f1c00000,0x000000c9f1d00000)]
  0x0000020346674000 JavaThread "Signal Dispatcher" daemon [_thread_blocked, id=7188, stack(0x000000c9f1d00000,0x000000c9f1e00000)]
  0x0000020346676800 JavaThread "Attach Listener" daemon [_thread_blocked, id=384, stack(0x000000c9f1e00000,0x000000c9f1f00000)]
  0x0000020346fc4800 JavaThread "Service Thread" daemon [_thread_blocked, id=14764, stack(0x000000c9f1f00000,0x000000c9f2000000)]
=>0x0000020346fca800 JavaThread "C2 CompilerThread0" daemon [_thread_in_native, id=12084, stack(0x000000c9f2000000,0x000000c9f2100000)]
  0x0000020346fd0000 JavaThread "C1 CompilerThread0" daemon [_thread_blocked, id=15120, stack(0x000000c9f2100000,0x000000c9f2200000)]
  0x0000020346fd2800 JavaThread "Sweeper thread" daemon [_thread_blocked, id=14928, stack(0x000000c9f2200000,0x000000c9f2300000)]
  0x0000020347138800 JavaThread "Common-Cleaner" daemon [_thread_blocked, id=13464, stack(0x000000c9f2300000,0x000000c9f2400000)]
  0x00000203486f7000 JavaThread "Daemon health stats" [_thread_blocked, id=15212, stack(0x000000c9f2800000,0x000000c9f2900000)]
  0x000002034731e000 JavaThread "Incoming local TCP Connector on port 50756" [_thread_in_native, id=2604, stack(0x000000c9f2900000,0x000000c9f2a00000)]
  0x0000020347d7b000 JavaThread "Daemon periodic checks" [_thread_blocked, id=5920, stack(0x000000c9f2a00000,0x000000c9f2b00000)]
  0x00000203472f8800 JavaThread "Daemon" [_thread_blocked, id=1204, stack(0x000000c9f2b00000,0x000000c9f2c00000)]
  0x00000203487a5800 JavaThread "Handler for socket connection from /127.0.0.1:50756 to /127.0.0.1:50757" [_thread_in_native, id=6364, stack(0x000000c9f2c00000,0x000000c9f2d00000)]
  0x0000020348631800 JavaThread "Cancel handler" [_thread_blocked, id=8788, stack(0x000000c9f2d00000,0x000000c9f2e00000)]
  0x0000020347c77000 JavaThread "Daemon worker" [_thread_in_native, id=8128, stack(0x000000c9f2e00000,0x000000c9f2f00000)]
  0x0000020347c78000 JavaThread "Asynchronous log dispatcher for DefaultDaemonConnection: socket connection from /127.0.0.1:50756 to /127.0.0.1:50757" [_thread_blocked, id=2896, stack(0x000000c9f2f00000,0x000000c9f3000000)]
  0x00000203487bf800 JavaThread "Stdin handler" [_thread_blocked, id=7724, stack(0x000000c9f3000000,0x000000c9f3100000)]
  0x00000203487c0000 JavaThread "Daemon client event forwarder" [_thread_blocked, id=14604, stack(0x000000c9f3100000,0x000000c9f3200000)]
  0x000002034708b000 JavaThread "Cache worker for journal cache (C:\Users\d1\.gradle\caches\journal-1)" [_thread_blocked, id=7916, stack(0x000000c9f3200000,0x000000c9f3300000)]
  0x000002034708c800 JavaThread "File lock request listener" [_thread_in_native, id=2912, stack(0x000000c9f3300000,0x000000c9f3400000)]
  0x000002034708d800 JavaThread "Cache worker for file hash cache (C:\Users\d1\.gradle\caches\7.1\fileHashes)" [_thread_blocked, id=15140, stack(0x000000c9f3400000,0x000000c9f3500000)]
  0x0000020347088000 JavaThread "Cache worker for file hash cache (C:\Users\d1\Kotlin-ktor\IHCL-Reservation\.gradle\7.1\fileHashes)" [_thread_blocked, id=8316, stack(0x000000c9f3500000,0x000000c9f3600000)]
  0x0000020347088800 JavaThread "File watcher server" daemon [_thread_in_native, id=5748, stack(0x000000c9f3600000,0x000000c9f3700000)]
  0x000002034708e800 JavaThread "File watcher consumer" daemon [_thread_blocked, id=4932, stack(0x000000c9f3700000,0x000000c9f3800000)]
  0x000002034708c000 JavaThread "Cache worker for checksums cache (C:\Users\d1\Kotlin-ktor\IHCL-Reservation\.gradle\checksums)" [_thread_blocked, id=14060, stack(0x000000c9f1200000,0x000000c9f1300000)]
  0x0000020347089800 JavaThread "Cache worker for cache directory md-supplier (C:\Users\d1\.gradle\caches\7.1\md-supplier)" [_thread_blocked, id=7424, stack(0x000000c9f3800000,0x000000c9f3900000)]
  0x000002034708a000 JavaThread "Cache worker for cache directory md-rule (C:\Users\d1\.gradle\caches\7.1\md-rule)" [_thread_blocked, id=10132, stack(0x000000c9f3900000,0x000000c9f3a00000)]
  0x00000203493d0800 JavaThread "Cache worker for execution history cache (C:\Users\d1\.gradle\caches\7.1\executionHistory)" [_thread_blocked, id=1484, stack(0x000000c9f3a00000,0x000000c9f3b00000)]
  0x00000203493d3000 JavaThread "jar transforms" [_thread_blocked, id=2748, stack(0x000000c9f3b00000,0x000000c9f3c00000)]
  0x00000203493d2000 JavaThread "jar transforms Thread 2" [_thread_blocked, id=1272, stack(0x000000c9f3c00000,0x000000c9f3d00000)]
  0x00000203493cf800 JavaThread "Cache worker for file content cache (C:\Users\d1\.gradle\caches\7.1\fileContent)" [_thread_blocked, id=9848, stack(0x000000c9f3d00000,0x000000c9f3e00000)]

Other Threads:
  0x0000020346630000 VMThread "VM Thread" [stack: 0x000000c9f1a00000,0x000000c9f1b00000] [id=2448]
  0x0000020347140000 WatcherThread [stack: 0x000000c9f2400000,0x000000c9f2500000] [id=6688]
  0x00000203297d9000 GCTaskThread "GC Thread#0" [stack: 0x000000c9f1500000,0x000000c9f1600000] [id=5536]
  0x000002034764b800 GCTaskThread "GC Thread#1" [stack: 0x000000c9f2500000,0x000000c9f2600000] [id=14428]
  0x00000203476a4800 GCTaskThread "GC Thread#2" [stack: 0x000000c9f2600000,0x000000c9f2700000] [id=9800]
  0x00000203476a5000 GCTaskThread "GC Thread#3" [stack: 0x000000c9f2700000,0x000000c9f2800000] [id=1004]
  0x00000203297e9000 ConcurrentGCThread "G1 Main Marker" [stack: 0x000000c9f1600000,0x000000c9f1700000] [id=3912]
  0x00000203297ea800 ConcurrentGCThread "G1 Conc#0" [stack: 0x000000c9f1700000,0x000000c9f1800000] [id=1992]
  0x00000203464ce800 ConcurrentGCThread "G1 Refine#0" [stack: 0x000000c9f1800000,0x000000c9f1900000] [id=7312]
  0x00000203464cf000 ConcurrentGCThread "G1 Young RemSet Sampling" [stack: 0x000000c9f1900000,0x000000c9f1a00000] [id=2812]

Threads with active compile tasks:
C2 CompilerThread0    45126 3114       4       sun.nio.fs.WindowsPathParser::normalize (233 bytes)

VM state:not at safepoint (normal execution)

VM Mutex/Monitor currently owned by a thread: None

OutOfMemory and StackOverflow Exception counts:
OutOfMemoryError java_heap_errors=2
LinkageErrors=52

Heap address: 0x00000000e0000000, size: 512 MB, Compressed Oops mode: 32-bit
Narrow klass base: 0x0000000000000000, Narrow klass shift: 3
Compressed class space size: 260046848 Address: 0x0000000100000000

Heap:
 garbage-first heap   total 262144K, used 57876K [0x00000000e0000000, 0x0000000100000000)
  region size 1024K, 33 young (33792K), 2 survivors (2048K)
 Metaspace       used 37508K, capacity 38342K, committed 38608K, reserved 288768K
  class space    used 4761K, capacity 5083K, committed 5196K, reserved 253952K
Heap Regions: E=young(eden), S=young(survivor), O=old, HS=humongous(starts), HC=humongous(continues), CS=collection set, F=free, A=archive, TAMS=top-at-mark-start (previous, next)
|   0|0x00000000e0000000, 0x00000000e0100000, 0x00000000e0100000|100%| O|  |TAMS 0x00000000e0100000, 0x00000000e0000000| Untracked 
|   1|0x00000000e0100000, 0x00000000e0200000, 0x00000000e0200000|100%| O|  |TAMS 0x00000000e0200000, 0x00000000e0100000| Untracked 
|   2|0x00000000e0200000, 0x00000000e0300000, 0x00000000e0300000|100%| O|  |TAMS 0x00000000e0300000, 0x00000000e0200000| Untracked 
|   3|0x00000000e0300000, 0x00000000e0400000, 0x00000000e0400000|100%|HS|  |TAMS 0x00000000e0400000, 0x00000000e0300000| Complete 
|   4|0x00000000e0400000, 0x00000000e0500000, 0x00000000e0500000|100%|HC|  |TAMS 0x00000000e0500000, 0x00000000e0400000| Complete 
|   5|0x00000000e0500000, 0x00000000e0600000, 0x00000000e0600000|100%|HC|  |TAMS 0x00000000e0600000, 0x00000000e0500000| Complete 
|   6|0x00000000e0600000, 0x00000000e0700000, 0x00000000e0700000|100%| O|  |TAMS 0x00000000e0700000, 0x00000000e0600000| Untracked 
|   7|0x00000000e0700000, 0x00000000e0800000, 0x00000000e0800000|100%| O|  |TAMS 0x00000000e0800000, 0x00000000e0700000| Untracked 
|   8|0x00000000e0800000, 0x00000000e0900000, 0x00000000e0900000|100%| O|  |TAMS 0x00000000e0900000, 0x00000000e0800000| Untracked 
|   9|0x00000000e0900000, 0x00000000e0a00000, 0x00000000e0a00000|100%| O|  |TAMS 0x00000000e0a00000, 0x00000000e0900000| Untracked 
|  10|0x00000000e0a00000, 0x00000000e0b00000, 0x00000000e0b00000|100%| O|  |TAMS 0x00000000e0b00000, 0x00000000e0a00000| Untracked 
|  11|0x00000000e0b00000, 0x00000000e0c00000, 0x00000000e0c00000|100%| O|  |TAMS 0x00000000e0c00000, 0x00000000e0b00000| Untracked 
|  12|0x00000000e0c00000, 0x00000000e0d00000, 0x00000000e0d00000|100%| O|  |TAMS 0x00000000e0d00000, 0x00000000e0c00000| Untracked 
|  13|0x00000000e0d00000, 0x00000000e0e00000, 0x00000000e0e00000|100%| O|  |TAMS 0x00000000e0e00000, 0x00000000e0d00000| Untracked 
|  14|0x00000000e0e00000, 0x00000000e0f00000, 0x00000000e0f00000|100%| O|  |TAMS 0x00000000e0f00000, 0x00000000e0e00000| Untracked 
|  15|0x00000000e0f00000, 0x00000000e1000000, 0x00000000e1000000|100%| O|  |TAMS 0x00000000e1000000, 0x00000000e0f00000| Untracked 
|  16|0x00000000e1000000, 0x00000000e1100000, 0x00000000e1100000|100%| O|  |TAMS 0x00000000e1001c00, 0x00000000e1000000| Untracked 
|  17|0x00000000e1100000, 0x00000000e1200000, 0x00000000e1200000|100%| O|  |TAMS 0x00000000e1100000, 0x00000000e1100000| Untracked 
|  18|0x00000000e1200000, 0x00000000e1300000, 0x00000000e1300000|100%| O|  |TAMS 0x00000000e1200000, 0x00000000e1200000| Untracked 
|  19|0x00000000e1300000, 0x00000000e1400000, 0x00000000e1400000|100%| O|  |TAMS 0x00000000e1300000, 0x00000000e1300000| Untracked 
|  20|0x00000000e1400000, 0x00000000e1500000, 0x00000000e1500000|100%| O|  |TAMS 0x00000000e1400000, 0x00000000e1400000| Untracked 
|  21|0x00000000e1500000, 0x00000000e1600000, 0x00000000e1600000|100%| O|  |TAMS 0x00000000e1500000, 0x00000000e1500000| Untracked 
|  22|0x00000000e1600000, 0x00000000e1605a00, 0x00000000e1700000|  2%| O|  |TAMS 0x00000000e1600000, 0x00000000e1600000| Untracked 
|  23|0x00000000e1700000, 0x00000000e1800000, 0x00000000e1800000|100%|HS|  |TAMS 0x00000000e1700000, 0x00000000e1700000| Complete 
|  24|0x00000000e1800000, 0x00000000e1900000, 0x00000000e1900000|100%|HS|  |TAMS 0x00000000e1800000, 0x00000000e1800000| Complete 
|  25|0x00000000e1900000, 0x00000000e1a00000, 0x00000000e1a00000|100%|HC|  |TAMS 0x00000000e1900000, 0x00000000e1900000| Complete 
|  26|0x00000000e1a00000, 0x00000000e1a00000, 0x00000000e1b00000|  0%| F|  |TAMS 0x00000000e1a00000, 0x00000000e1a00000| Untracked 
|  27|0x00000000e1b00000, 0x00000000e1b00000, 0x00000000e1c00000|  0%| F|  |TAMS 0x00000000e1b00000, 0x00000000e1b00000| Untracked 
|  28|0x00000000e1c00000, 0x00000000e1c00000, 0x00000000e1d00000|  0%| F|  |TAMS 0x00000000e1c00000, 0x00000000e1c00000| Untracked 
|  29|0x00000000e1d00000, 0x00000000e1d00000, 0x00000000e1e00000|  0%| F|  |TAMS 0x00000000e1d00000, 0x00000000e1d00000| Untracked 
|  30|0x00000000e1e00000, 0x00000000e1e00000, 0x00000000e1f00000|  0%| F|  |TAMS 0x00000000e1e00000, 0x00000000e1e00000| Untracked 
|  31|0x00000000e1f00000, 0x00000000e1f00000, 0x00000000e2000000|  0%| F|  |TAMS 0x00000000e1f00000, 0x00000000e1f00000| Untracked 
|  32|0x00000000e2000000, 0x00000000e2000000, 0x00000000e2100000|  0%| F|  |TAMS 0x00000000e2000000, 0x00000000e2000000| Untracked 
|  33|0x00000000e2100000, 0x00000000e2100000, 0x00000000e2200000|  0%| F|  |TAMS 0x00000000e2100000, 0x00000000e2100000| Untracked 
|  34|0x00000000e2200000, 0x00000000e2200000, 0x00000000e2300000|  0%| F|  |TAMS 0x00000000e2200000, 0x00000000e2200000| Untracked 
|  35|0x00000000e2300000, 0x00000000e2300000, 0x00000000e2400000|  0%| F|  |TAMS 0x00000000e2300000, 0x00000000e2300000| Untracked 
|  36|0x00000000e2400000, 0x00000000e2400000, 0x00000000e2500000|  0%| F|  |TAMS 0x00000000e2400000, 0x00000000e2400000| Untracked 
|  37|0x00000000e2500000, 0x00000000e2500000, 0x00000000e2600000|  0%| F|  |TAMS 0x00000000e2500000, 0x00000000e2500000| Untracked 
|  38|0x00000000e2600000, 0x00000000e2600000, 0x00000000e2700000|  0%| F|  |TAMS 0x00000000e2600000, 0x00000000e2600000| Untracked 
|  39|0x00000000e2700000, 0x00000000e2700000, 0x00000000e2800000|  0%| F|  |TAMS 0x00000000e2700000, 0x00000000e2700000| Untracked 
|  40|0x00000000e2800000, 0x00000000e2800000, 0x00000000e2900000|  0%| F|  |TAMS 0x00000000e2800000, 0x00000000e2800000| Untracked 
|  41|0x00000000e2900000, 0x00000000e2900000, 0x00000000e2a00000|  0%| F|  |TAMS 0x00000000e2900000, 0x00000000e2900000| Untracked 
|  42|0x00000000e2a00000, 0x00000000e2a00000, 0x00000000e2b00000|  0%| F|  |TAMS 0x00000000e2a00000, 0x00000000e2a00000| Untracked 
|  43|0x00000000e2b00000, 0x00000000e2b00000, 0x00000000e2c00000|  0%| F|  |TAMS 0x00000000e2b00000, 0x00000000e2b00000| Untracked 
|  44|0x00000000e2c00000, 0x00000000e2c00000, 0x00000000e2d00000|  0%| F|  |TAMS 0x00000000e2c00000, 0x00000000e2c00000| Untracked 
|  45|0x00000000e2d00000, 0x00000000e2d00000, 0x00000000e2e00000|  0%| F|  |TAMS 0x00000000e2d00000, 0x00000000e2d00000| Untracked 
|  46|0x00000000e2e00000, 0x00000000e2e00000, 0x00000000e2f00000|  0%| F|  |TAMS 0x00000000e2e00000, 0x00000000e2e00000| Untracked 
|  47|0x00000000e2f00000, 0x00000000e2f00000, 0x00000000e3000000|  0%| F|  |TAMS 0x00000000e2f00000, 0x00000000e2f00000| Untracked 
|  48|0x00000000e3000000, 0x00000000e3000000, 0x00000000e3100000|  0%| F|  |TAMS 0x00000000e3000000, 0x00000000e3000000| Untracked 
|  49|0x00000000e3100000, 0x00000000e3100000, 0x00000000e3200000|  0%| F|  |TAMS 0x00000000e3100000, 0x00000000e3100000| Untracked 
|  50|0x00000000e3200000, 0x00000000e3200000, 0x00000000e3300000|  0%| F|  |TAMS 0x00000000e3200000, 0x00000000e3200000| Untracked 
|  51|0x00000000e3300000, 0x00000000e3300000, 0x00000000e3400000|  0%| F|  |TAMS 0x00000000e3300000, 0x00000000e3300000| Untracked 
|  52|0x00000000e3400000, 0x00000000e3400000, 0x00000000e3500000|  0%| F|  |TAMS 0x00000000e3400000, 0x00000000e3400000| Untracked 
|  53|0x00000000e3500000, 0x00000000e3500000, 0x00000000e3600000|  0%| F|  |TAMS 0x00000000e3500000, 0x00000000e3500000| Untracked 
|  54|0x00000000e3600000, 0x00000000e3600000, 0x00000000e3700000|  0%| F|  |TAMS 0x00000000e3600000, 0x00000000e3600000| Untracked 
|  55|0x00000000e3700000, 0x00000000e3700000, 0x00000000e3800000|  0%| F|  |TAMS 0x00000000e3700000, 0x00000000e3700000| Untracked 
|  56|0x00000000e3800000, 0x00000000e3800000, 0x00000000e3900000|  0%| F|  |TAMS 0x00000000e3800000, 0x00000000e3800000| Untracked 
|  57|0x00000000e3900000, 0x00000000e3900000, 0x00000000e3a00000|  0%| F|  |TAMS 0x00000000e3900000, 0x00000000e3900000| Untracked 
|  58|0x00000000e3a00000, 0x00000000e3a00000, 0x00000000e3b00000|  0%| F|  |TAMS 0x00000000e3a00000, 0x00000000e3a00000| Untracked 
|  59|0x00000000e3b00000, 0x00000000e3b00000, 0x00000000e3c00000|  0%| F|  |TAMS 0x00000000e3b00000, 0x00000000e3b00000| Untracked 
|  60|0x00000000e3c00000, 0x00000000e3c00000, 0x00000000e3d00000|  0%| F|  |TAMS 0x00000000e3c00000, 0x00000000e3c00000| Untracked 
|  61|0x00000000e3d00000, 0x00000000e3d00000, 0x00000000e3e00000|  0%| F|  |TAMS 0x00000000e3d00000, 0x00000000e3d00000| Untracked 
|  62|0x00000000e3e00000, 0x00000000e3e00000, 0x00000000e3f00000|  0%| F|  |TAMS 0x00000000e3e00000, 0x00000000e3e00000| Untracked 
|  63|0x00000000e3f00000, 0x00000000e3f00000, 0x00000000e4000000|  0%| F|  |TAMS 0x00000000e3f00000, 0x00000000e3f00000| Untracked 
|  64|0x00000000e4000000, 0x00000000e4000000, 0x00000000e4100000|  0%| F|  |TAMS 0x00000000e4000000, 0x00000000e4000000| Untracked 
|  65|0x00000000e4100000, 0x00000000e4100000, 0x00000000e4200000|  0%| F|  |TAMS 0x00000000e4100000, 0x00000000e4100000| Untracked 
|  66|0x00000000e4200000, 0x00000000e4200000, 0x00000000e4300000|  0%| F|  |TAMS 0x00000000e4200000, 0x00000000e4200000| Untracked 
|  67|0x00000000e4300000, 0x00000000e4300000, 0x00000000e4400000|  0%| F|  |TAMS 0x00000000e4300000, 0x00000000e4300000| Untracked 
|  68|0x00000000e4400000, 0x00000000e4400000, 0x00000000e4500000|  0%| F|  |TAMS 0x00000000e4400000, 0x00000000e4400000| Untracked 
|  69|0x00000000e4500000, 0x00000000e4500000, 0x00000000e4600000|  0%| F|  |TAMS 0x00000000e4500000, 0x00000000e4500000| Untracked 
|  70|0x00000000e4600000, 0x00000000e4600000, 0x00000000e4700000|  0%| F|  |TAMS 0x00000000e4600000, 0x00000000e4600000| Untracked 
|  71|0x00000000e4700000, 0x00000000e4700000, 0x00000000e4800000|  0%| F|  |TAMS 0x00000000e4700000, 0x00000000e4700000| Untracked 
|  72|0x00000000e4800000, 0x00000000e4800000, 0x00000000e4900000|  0%| F|  |TAMS 0x00000000e4800000, 0x00000000e4800000| Untracked 
|  73|0x00000000e4900000, 0x00000000e4900000, 0x00000000e4a00000|  0%| F|  |TAMS 0x00000000e4900000, 0x00000000e4900000| Untracked 
|  74|0x00000000e4a00000, 0x00000000e4a00000, 0x00000000e4b00000|  0%| F|  |TAMS 0x00000000e4a00000, 0x00000000e4a00000| Untracked 
|  75|0x00000000e4b00000, 0x00000000e4b00000, 0x00000000e4c00000|  0%| F|  |TAMS 0x00000000e4b00000, 0x00000000e4b00000| Untracked 
|  76|0x00000000e4c00000, 0x00000000e4c00000, 0x00000000e4d00000|  0%| F|  |TAMS 0x00000000e4c00000, 0x00000000e4c00000| Untracked 
|  77|0x00000000e4d00000, 0x00000000e4d00000, 0x00000000e4e00000|  0%| F|  |TAMS 0x00000000e4d00000, 0x00000000e4d00000| Untracked 
|  78|0x00000000e4e00000, 0x00000000e4e00000, 0x00000000e4f00000|  0%| F|  |TAMS 0x00000000e4e00000, 0x00000000e4e00000| Untracked 
|  79|0x00000000e4f00000, 0x00000000e4f00000, 0x00000000e5000000|  0%| F|  |TAMS 0x00000000e4f00000, 0x00000000e4f00000| Untracked 
|  80|0x00000000e5000000, 0x00000000e5000000, 0x00000000e5100000|  0%| F|  |TAMS 0x00000000e5000000, 0x00000000e5000000| Untracked 
|  81|0x00000000e5100000, 0x00000000e5100000, 0x00000000e5200000|  0%| F|  |TAMS 0x00000000e5100000, 0x00000000e5100000| Untracked 
|  82|0x00000000e5200000, 0x00000000e5200000, 0x00000000e5300000|  0%| F|  |TAMS 0x00000000e5200000, 0x00000000e5200000| Untracked 
|  83|0x00000000e5300000, 0x00000000e5300000, 0x00000000e5400000|  0%| F|  |TAMS 0x00000000e5300000, 0x00000000e5300000| Untracked 
|  84|0x00000000e5400000, 0x00000000e5400000, 0x00000000e5500000|  0%| F|  |TAMS 0x00000000e5400000, 0x00000000e5400000| Untracked 
|  85|0x00000000e5500000, 0x00000000e5500000, 0x00000000e5600000|  0%| F|  |TAMS 0x00000000e5500000, 0x00000000e5500000| Untracked 
|  86|0x00000000e5600000, 0x00000000e5600000, 0x00000000e5700000|  0%| F|  |TAMS 0x00000000e5600000, 0x00000000e5600000| Untracked 
|  87|0x00000000e5700000, 0x00000000e5700000, 0x00000000e5800000|  0%| F|  |TAMS 0x00000000e5700000, 0x00000000e5700000| Untracked 
|  88|0x00000000e5800000, 0x00000000e5800000, 0x00000000e5900000|  0%| F|  |TAMS 0x00000000e5800000, 0x00000000e5800000| Untracked 
|  89|0x00000000e5900000, 0x00000000e5900000, 0x00000000e5a00000|  0%| F|  |TAMS 0x00000000e5900000, 0x00000000e5900000| Untracked 
|  90|0x00000000e5a00000, 0x00000000e5a00000, 0x00000000e5b00000|  0%| F|  |TAMS 0x00000000e5a00000, 0x00000000e5a00000| Untracked 
|  91|0x00000000e5b00000, 0x00000000e5b00000, 0x00000000e5c00000|  0%| F|  |TAMS 0x00000000e5b00000, 0x00000000e5b00000| Untracked 
|  92|0x00000000e5c00000, 0x00000000e5c00000, 0x00000000e5d00000|  0%| F|  |TAMS 0x00000000e5c00000, 0x00000000e5c00000| Untracked 
|  93|0x00000000e5d00000, 0x00000000e5d00000, 0x00000000e5e00000|  0%| F|  |TAMS 0x00000000e5d00000, 0x00000000e5d00000| Untracked 
|  94|0x00000000e5e00000, 0x00000000e5e00000, 0x00000000e5f00000|  0%| F|  |TAMS 0x00000000e5e00000, 0x00000000e5e00000| Untracked 
|  95|0x00000000e5f00000, 0x00000000e5f00000, 0x00000000e6000000|  0%| F|  |TAMS 0x00000000e5f00000, 0x00000000e5f00000| Untracked 
|  96|0x00000000e6000000, 0x00000000e6000000, 0x00000000e6100000|  0%| F|  |TAMS 0x00000000e6000000, 0x00000000e6000000| Untracked 
|  97|0x00000000e6100000, 0x00000000e6100000, 0x00000000e6200000|  0%| F|  |TAMS 0x00000000e6100000, 0x00000000e6100000| Untracked 
|  98|0x00000000e6200000, 0x00000000e6200000, 0x00000000e6300000|  0%| F|  |TAMS 0x00000000e6200000, 0x00000000e6200000| Untracked 
|  99|0x00000000e6300000, 0x00000000e6300000, 0x00000000e6400000|  0%| F|  |TAMS 0x00000000e6300000, 0x00000000e6300000| Untracked 
| 100|0x00000000e6400000, 0x00000000e6400000, 0x00000000e6500000|  0%| F|  |TAMS 0x00000000e6400000, 0x00000000e6400000| Untracked 
| 101|0x00000000e6500000, 0x00000000e6500000, 0x00000000e6600000|  0%| F|  |TAMS 0x00000000e6500000, 0x00000000e6500000| Untracked 
| 102|0x00000000e6600000, 0x00000000e6600000, 0x00000000e6700000|  0%| F|  |TAMS 0x00000000e6600000, 0x00000000e6600000| Untracked 
| 103|0x00000000e6700000, 0x00000000e6700000, 0x00000000e6800000|  0%| F|  |TAMS 0x00000000e6700000, 0x00000000e6700000| Untracked 
| 104|0x00000000e6800000, 0x00000000e6800000, 0x00000000e6900000|  0%| F|  |TAMS 0x00000000e6800000, 0x00000000e6800000| Untracked 
| 105|0x00000000e6900000, 0x00000000e6900000, 0x00000000e6a00000|  0%| F|  |TAMS 0x00000000e6900000, 0x00000000e6900000| Untracked 
| 106|0x00000000e6a00000, 0x00000000e6a00000, 0x00000000e6b00000|  0%| F|  |TAMS 0x00000000e6a00000, 0x00000000e6a00000| Untracked 
| 107|0x00000000e6b00000, 0x00000000e6b00000, 0x00000000e6c00000|  0%| F|  |TAMS 0x00000000e6b00000, 0x00000000e6b00000| Untracked 
| 108|0x00000000e6c00000, 0x00000000e6c00000, 0x00000000e6d00000|  0%| F|  |TAMS 0x00000000e6c00000, 0x00000000e6c00000| Untracked 
| 109|0x00000000e6d00000, 0x00000000e6d00000, 0x00000000e6e00000|  0%| F|  |TAMS 0x00000000e6d00000, 0x00000000e6d00000| Untracked 
| 110|0x00000000e6e00000, 0x00000000e6e00000, 0x00000000e6f00000|  0%| F|  |TAMS 0x00000000e6e00000, 0x00000000e6e00000| Untracked 
| 111|0x00000000e6f00000, 0x00000000e6f00000, 0x00000000e7000000|  0%| F|  |TAMS 0x00000000e6f00000, 0x00000000e6f00000| Untracked 
| 112|0x00000000e7000000, 0x00000000e7000000, 0x00000000e7100000|  0%| F|  |TAMS 0x00000000e7000000, 0x00000000e7000000| Untracked 
| 113|0x00000000e7100000, 0x00000000e7100000, 0x00000000e7200000|  0%| F|  |TAMS 0x00000000e7100000, 0x00000000e7100000| Untracked 
| 114|0x00000000e7200000, 0x00000000e7200000, 0x00000000e7300000|  0%| F|  |TAMS 0x00000000e7200000, 0x00000000e7200000| Untracked 
| 115|0x00000000e7300000, 0x00000000e7300000, 0x00000000e7400000|  0%| F|  |TAMS 0x00000000e7300000, 0x00000000e7300000| Untracked 
| 116|0x00000000e7400000, 0x00000000e7400000, 0x00000000e7500000|  0%| F|  |TAMS 0x00000000e7400000, 0x00000000e7400000| Untracked 
| 117|0x00000000e7500000, 0x00000000e7500000, 0x00000000e7600000|  0%| F|  |TAMS 0x00000000e7500000, 0x00000000e7500000| Untracked 
| 118|0x00000000e7600000, 0x00000000e7600000, 0x00000000e7700000|  0%| F|  |TAMS 0x00000000e7600000, 0x00000000e7600000| Untracked 
| 119|0x00000000e7700000, 0x00000000e7700000, 0x00000000e7800000|  0%| F|  |TAMS 0x00000000e7700000, 0x00000000e7700000| Untracked 
| 120|0x00000000e7800000, 0x00000000e7800000, 0x00000000e7900000|  0%| F|  |TAMS 0x00000000e7800000, 0x00000000e7800000| Untracked 
| 121|0x00000000e7900000, 0x00000000e7900000, 0x00000000e7a00000|  0%| F|  |TAMS 0x00000000e7900000, 0x00000000e7900000| Untracked 
| 122|0x00000000e7a00000, 0x00000000e7a00000, 0x00000000e7b00000|  0%| F|  |TAMS 0x00000000e7a00000, 0x00000000e7a00000| Untracked 
| 123|0x00000000e7b00000, 0x00000000e7b00000, 0x00000000e7c00000|  0%| F|  |TAMS 0x00000000e7b00000, 0x00000000e7b00000| Untracked 
| 124|0x00000000e7c00000, 0x00000000e7c00000, 0x00000000e7d00000|  0%| F|  |TAMS 0x00000000e7c00000, 0x00000000e7c00000| Untracked 
| 125|0x00000000e7d00000, 0x00000000e7d00000, 0x00000000e7e00000|  0%| F|  |TAMS 0x00000000e7d00000, 0x00000000e7d00000| Untracked 
| 126|0x00000000e7e00000, 0x00000000e7e00000, 0x00000000e7f00000|  0%| F|  |TAMS 0x00000000e7e00000, 0x00000000e7e00000| Untracked 
| 127|0x00000000e7f00000, 0x00000000e7f00000, 0x00000000e8000000|  0%| F|  |TAMS 0x00000000e7f00000, 0x00000000e7f00000| Untracked 
| 128|0x00000000e8000000, 0x00000000e8000000, 0x00000000e8100000|  0%| F|  |TAMS 0x00000000e8000000, 0x00000000e8000000| Untracked 
| 129|0x00000000e8100000, 0x00000000e8100000, 0x00000000e8200000|  0%| F|  |TAMS 0x00000000e8100000, 0x00000000e8100000| Untracked 
| 130|0x00000000e8200000, 0x00000000e8200000, 0x00000000e8300000|  0%| F|  |TAMS 0x00000000e8200000, 0x00000000e8200000| Untracked 
| 131|0x00000000e8300000, 0x00000000e8300000, 0x00000000e8400000|  0%| F|  |TAMS 0x00000000e8300000, 0x00000000e8300000| Untracked 
| 132|0x00000000e8400000, 0x00000000e8400000, 0x00000000e8500000|  0%| F|  |TAMS 0x00000000e8400000, 0x00000000e8400000| Untracked 
| 133|0x00000000e8500000, 0x00000000e8500000, 0x00000000e8600000|  0%| F|  |TAMS 0x00000000e8500000, 0x00000000e8500000| Untracked 
| 134|0x00000000e8600000, 0x00000000e8600000, 0x00000000e8700000|  0%| F|  |TAMS 0x00000000e8600000, 0x00000000e8600000| Untracked 
| 135|0x00000000e8700000, 0x00000000e8700000, 0x00000000e8800000|  0%| F|  |TAMS 0x00000000e8700000, 0x00000000e8700000| Untracked 
| 136|0x00000000e8800000, 0x00000000e8800000, 0x00000000e8900000|  0%| F|  |TAMS 0x00000000e8800000, 0x00000000e8800000| Untracked 
| 137|0x00000000e8900000, 0x00000000e8900000, 0x00000000e8a00000|  0%| F|  |TAMS 0x00000000e8900000, 0x00000000e8900000| Untracked 
| 138|0x00000000e8a00000, 0x00000000e8a00000, 0x00000000e8b00000|  0%| F|  |TAMS 0x00000000e8a00000, 0x00000000e8a00000| Untracked 
| 139|0x00000000e8b00000, 0x00000000e8b00000, 0x00000000e8c00000|  0%| F|  |TAMS 0x00000000e8b00000, 0x00000000e8b00000| Untracked 
| 140|0x00000000e8c00000, 0x00000000e8c00000, 0x00000000e8d00000|  0%| F|  |TAMS 0x00000000e8c00000, 0x00000000e8c00000| Untracked 
| 141|0x00000000e8d00000, 0x00000000e8d00000, 0x00000000e8e00000|  0%| F|  |TAMS 0x00000000e8d00000, 0x00000000e8d00000| Untracked 
| 142|0x00000000e8e00000, 0x00000000e8e00000, 0x00000000e8f00000|  0%| F|  |TAMS 0x00000000e8e00000, 0x00000000e8e00000| Untracked 
| 143|0x00000000e8f00000, 0x00000000e8f00000, 0x00000000e9000000|  0%| F|  |TAMS 0x00000000e8f00000, 0x00000000e8f00000| Untracked 
| 144|0x00000000e9000000, 0x00000000e9000000, 0x00000000e9100000|  0%| F|  |TAMS 0x00000000e9000000, 0x00000000e9000000| Untracked 
| 145|0x00000000e9100000, 0x00000000e9100000, 0x00000000e9200000|  0%| F|  |TAMS 0x00000000e9100000, 0x00000000e9100000| Untracked 
| 146|0x00000000e9200000, 0x00000000e9200000, 0x00000000e9300000|  0%| F|  |TAMS 0x00000000e9200000, 0x00000000e9200000| Untracked 
| 147|0x00000000e9300000, 0x00000000e9300000, 0x00000000e9400000|  0%| F|  |TAMS 0x00000000e9300000, 0x00000000e9300000| Untracked 
| 148|0x00000000e9400000, 0x00000000e9400000, 0x00000000e9500000|  0%| F|  |TAMS 0x00000000e9400000, 0x00000000e9400000| Untracked 
| 149|0x00000000e9500000, 0x00000000e9500000, 0x00000000e9600000|  0%| F|  |TAMS 0x00000000e9500000, 0x00000000e9500000| Untracked 
| 150|0x00000000e9600000, 0x00000000e9600000, 0x00000000e9700000|  0%| F|  |TAMS 0x00000000e9600000, 0x00000000e9600000| Untracked 
| 151|0x00000000e9700000, 0x00000000e9700000, 0x00000000e9800000|  0%| F|  |TAMS 0x00000000e9700000, 0x00000000e9700000| Untracked 
| 152|0x00000000e9800000, 0x00000000e9800000, 0x00000000e9900000|  0%| F|  |TAMS 0x00000000e9800000, 0x00000000e9800000| Untracked 
| 153|0x00000000e9900000, 0x00000000e9900000, 0x00000000e9a00000|  0%| F|  |TAMS 0x00000000e9900000, 0x00000000e9900000| Untracked 
| 154|0x00000000e9a00000, 0x00000000e9a00000, 0x00000000e9b00000|  0%| F|  |TAMS 0x00000000e9a00000, 0x00000000e9a00000| Untracked 
| 155|0x00000000e9b00000, 0x00000000e9b00000, 0x00000000e9c00000|  0%| F|  |TAMS 0x00000000e9b00000, 0x00000000e9b00000| Untracked 
| 156|0x00000000e9c00000, 0x00000000e9c00000, 0x00000000e9d00000|  0%| F|  |TAMS 0x00000000e9c00000, 0x00000000e9c00000| Untracked 
| 157|0x00000000e9d00000, 0x00000000e9d00000, 0x00000000e9e00000|  0%| F|  |TAMS 0x00000000e9d00000, 0x00000000e9d00000| Untracked 
| 158|0x00000000e9e00000, 0x00000000e9e00000, 0x00000000e9f00000|  0%| F|  |TAMS 0x00000000e9e00000, 0x00000000e9e00000| Untracked 
| 159|0x00000000e9f00000, 0x00000000e9f00000, 0x00000000ea000000|  0%| F|  |TAMS 0x00000000e9f00000, 0x00000000e9f00000| Untracked 
| 160|0x00000000ea000000, 0x00000000ea000000, 0x00000000ea100000|  0%| F|  |TAMS 0x00000000ea000000, 0x00000000ea000000| Untracked 
| 161|0x00000000ea100000, 0x00000000ea100000, 0x00000000ea200000|  0%| F|  |TAMS 0x00000000ea100000, 0x00000000ea100000| Untracked 
| 162|0x00000000ea200000, 0x00000000ea200000, 0x00000000ea300000|  0%| F|  |TAMS 0x00000000ea200000, 0x00000000ea200000| Untracked 
| 163|0x00000000ea300000, 0x00000000ea300000, 0x00000000ea400000|  0%| F|  |TAMS 0x00000000ea300000, 0x00000000ea300000| Untracked 
| 164|0x00000000ea400000, 0x00000000ea400000, 0x00000000ea500000|  0%| F|  |TAMS 0x00000000ea400000, 0x00000000ea400000| Untracked 
| 165|0x00000000ea500000, 0x00000000ea500000, 0x00000000ea600000|  0%| F|  |TAMS 0x00000000ea500000, 0x00000000ea500000| Untracked 
| 166|0x00000000ea600000, 0x00000000ea600000, 0x00000000ea700000|  0%| F|  |TAMS 0x00000000ea600000, 0x00000000ea600000| Untracked 
| 167|0x00000000ea700000, 0x00000000ea700000, 0x00000000ea800000|  0%| F|  |TAMS 0x00000000ea700000, 0x00000000ea700000| Untracked 
| 168|0x00000000ea800000, 0x00000000ea800000, 0x00000000ea900000|  0%| F|  |TAMS 0x00000000ea800000, 0x00000000ea800000| Untracked 
| 169|0x00000000ea900000, 0x00000000ea900000, 0x00000000eaa00000|  0%| F|  |TAMS 0x00000000ea900000, 0x00000000ea900000| Untracked 
| 170|0x00000000eaa00000, 0x00000000eaa00000, 0x00000000eab00000|  0%| F|  |TAMS 0x00000000eaa00000, 0x00000000eaa00000| Untracked 
| 171|0x00000000eab00000, 0x00000000eab00000, 0x00000000eac00000|  0%| F|  |TAMS 0x00000000eab00000, 0x00000000eab00000| Untracked 
| 172|0x00000000eac00000, 0x00000000eac00000, 0x00000000ead00000|  0%| F|  |TAMS 0x00000000eac00000, 0x00000000eac00000| Untracked 
| 173|0x00000000ead00000, 0x00000000ead00000, 0x00000000eae00000|  0%| F|  |TAMS 0x00000000ead00000, 0x00000000ead00000| Untracked 
| 174|0x00000000eae00000, 0x00000000eae00000, 0x00000000eaf00000|  0%| F|  |TAMS 0x00000000eae00000, 0x00000000eae00000| Untracked 
| 175|0x00000000eaf00000, 0x00000000eaf00000, 0x00000000eb000000|  0%| F|  |TAMS 0x00000000eaf00000, 0x00000000eaf00000| Untracked 
| 176|0x00000000eb000000, 0x00000000eb000000, 0x00000000eb100000|  0%| F|  |TAMS 0x00000000eb000000, 0x00000000eb000000| Untracked 
| 177|0x00000000eb100000, 0x00000000eb100000, 0x00000000eb200000|  0%| F|  |TAMS 0x00000000eb100000, 0x00000000eb100000| Untracked 
| 178|0x00000000eb200000, 0x00000000eb200000, 0x00000000eb300000|  0%| F|  |TAMS 0x00000000eb200000, 0x00000000eb200000| Untracked 
| 179|0x00000000eb300000, 0x00000000eb300000, 0x00000000eb400000|  0%| F|  |TAMS 0x00000000eb300000, 0x00000000eb300000| Untracked 
| 180|0x00000000eb400000, 0x00000000eb400000, 0x00000000eb500000|  0%| F|  |TAMS 0x00000000eb400000, 0x00000000eb400000| Untracked 
| 181|0x00000000eb500000, 0x00000000eb500000, 0x00000000eb600000|  0%| F|  |TAMS 0x00000000eb500000, 0x00000000eb500000| Untracked 
| 182|0x00000000eb600000, 0x00000000eb600000, 0x00000000eb700000|  0%| F|  |TAMS 0x00000000eb600000, 0x00000000eb600000| Untracked 
| 183|0x00000000eb700000, 0x00000000eb700000, 0x00000000eb800000|  0%| F|  |TAMS 0x00000000eb700000, 0x00000000eb700000| Untracked 
| 184|0x00000000eb800000, 0x00000000eb800000, 0x00000000eb900000|  0%| F|  |TAMS 0x00000000eb800000, 0x00000000eb800000| Untracked 
| 185|0x00000000eb900000, 0x00000000eb900000, 0x00000000eba00000|  0%| F|  |TAMS 0x00000000eb900000, 0x00000000eb900000| Untracked 
| 186|0x00000000eba00000, 0x00000000eba00000, 0x00000000ebb00000|  0%| F|  |TAMS 0x00000000eba00000, 0x00000000eba00000| Untracked 
| 187|0x00000000ebb00000, 0x00000000ebb00000, 0x00000000ebc00000|  0%| F|  |TAMS 0x00000000ebb00000, 0x00000000ebb00000| Untracked 
| 188|0x00000000ebc00000, 0x00000000ebc00000, 0x00000000ebd00000|  0%| F|  |TAMS 0x00000000ebc00000, 0x00000000ebc00000| Untracked 
| 189|0x00000000ebd00000, 0x00000000ebd00000, 0x00000000ebe00000|  0%| F|  |TAMS 0x00000000ebd00000, 0x00000000ebd00000| Untracked 
| 190|0x00000000ebe00000, 0x00000000ebe00000, 0x00000000ebf00000|  0%| F|  |TAMS 0x00000000ebe00000, 0x00000000ebe00000| Untracked 
| 191|0x00000000ebf00000, 0x00000000ebf00000, 0x00000000ec000000|  0%| F|  |TAMS 0x00000000ebf00000, 0x00000000ebf00000| Untracked 
| 192|0x00000000ec000000, 0x00000000ec000000, 0x00000000ec100000|  0%| F|  |TAMS 0x00000000ec000000, 0x00000000ec000000| Untracked 
| 193|0x00000000ec100000, 0x00000000ec100000, 0x00000000ec200000|  0%| F|  |TAMS 0x00000000ec100000, 0x00000000ec100000| Untracked 
| 194|0x00000000ec200000, 0x00000000ec200000, 0x00000000ec300000|  0%| F|  |TAMS 0x00000000ec200000, 0x00000000ec200000| Untracked 
| 195|0x00000000ec300000, 0x00000000ec300000, 0x00000000ec400000|  0%| F|  |TAMS 0x00000000ec300000, 0x00000000ec300000| Untracked 
| 196|0x00000000ec400000, 0x00000000ec400000, 0x00000000ec500000|  0%| F|  |TAMS 0x00000000ec400000, 0x00000000ec400000| Untracked 
| 197|0x00000000ec500000, 0x00000000ec500000, 0x00000000ec600000|  0%| F|  |TAMS 0x00000000ec500000, 0x00000000ec500000| Untracked 
| 198|0x00000000ec600000, 0x00000000ec600000, 0x00000000ec700000|  0%| F|  |TAMS 0x00000000ec600000, 0x00000000ec600000| Untracked 
| 199|0x00000000ec700000, 0x00000000ec700000, 0x00000000ec800000|  0%| F|  |TAMS 0x00000000ec700000, 0x00000000ec700000| Untracked 
| 200|0x00000000ec800000, 0x00000000ec800000, 0x00000000ec900000|  0%| F|  |TAMS 0x00000000ec800000, 0x00000000ec800000| Untracked 
| 201|0x00000000ec900000, 0x00000000ec900000, 0x00000000eca00000|  0%| F|  |TAMS 0x00000000ec900000, 0x00000000ec900000| Untracked 
| 202|0x00000000eca00000, 0x00000000eca00000, 0x00000000ecb00000|  0%| F|  |TAMS 0x00000000eca00000, 0x00000000eca00000| Untracked 
| 203|0x00000000ecb00000, 0x00000000ecb00000, 0x00000000ecc00000|  0%| F|  |TAMS 0x00000000ecb00000, 0x00000000ecb00000| Untracked 
| 204|0x00000000ecc00000, 0x00000000ecc00000, 0x00000000ecd00000|  0%| F|  |TAMS 0x00000000ecc00000, 0x00000000ecc00000| Untracked 
| 205|0x00000000ecd00000, 0x00000000ecd00000, 0x00000000ece00000|  0%| F|  |TAMS 0x00000000ecd00000, 0x00000000ecd00000| Untracked 
| 206|0x00000000ece00000, 0x00000000ece00000, 0x00000000ecf00000|  0%| F|  |TAMS 0x00000000ece00000, 0x00000000ece00000| Untracked 
| 207|0x00000000ecf00000, 0x00000000ecf00000, 0x00000000ed000000|  0%| F|  |TAMS 0x00000000ecf00000, 0x00000000ecf00000| Untracked 
| 208|0x00000000ed000000, 0x00000000ed000000, 0x00000000ed100000|  0%| F|  |TAMS 0x00000000ed000000, 0x00000000ed000000| Untracked 
| 209|0x00000000ed100000, 0x00000000ed100000, 0x00000000ed200000|  0%| F|  |TAMS 0x00000000ed100000, 0x00000000ed100000| Untracked 
| 210|0x00000000ed200000, 0x00000000ed200000, 0x00000000ed300000|  0%| F|  |TAMS 0x00000000ed200000, 0x00000000ed200000| Untracked 
| 211|0x00000000ed300000, 0x00000000ed300000, 0x00000000ed400000|  0%| F|  |TAMS 0x00000000ed300000, 0x00000000ed300000| Untracked 
| 212|0x00000000ed400000, 0x00000000ed400000, 0x00000000ed500000|  0%| F|  |TAMS 0x00000000ed400000, 0x00000000ed400000| Untracked 
| 213|0x00000000ed500000, 0x00000000ed500000, 0x00000000ed600000|  0%| F|  |TAMS 0x00000000ed500000, 0x00000000ed500000| Untracked 
| 214|0x00000000ed600000, 0x00000000ed600000, 0x00000000ed700000|  0%| F|  |TAMS 0x00000000ed600000, 0x00000000ed600000| Untracked 
| 215|0x00000000ed700000, 0x00000000ed700000, 0x00000000ed800000|  0%| F|  |TAMS 0x00000000ed700000, 0x00000000ed700000| Untracked 
| 216|0x00000000ed800000, 0x00000000ed800000, 0x00000000ed900000|  0%| F|  |TAMS 0x00000000ed800000, 0x00000000ed800000| Untracked 
| 217|0x00000000ed900000, 0x00000000ed900000, 0x00000000eda00000|  0%| F|  |TAMS 0x00000000ed900000, 0x00000000ed900000| Untracked 
| 218|0x00000000eda00000, 0x00000000eda00000, 0x00000000edb00000|  0%| F|  |TAMS 0x00000000eda00000, 0x00000000eda00000| Untracked 
| 219|0x00000000edb00000, 0x00000000edb00000, 0x00000000edc00000|  0%| F|  |TAMS 0x00000000edb00000, 0x00000000edb00000| Untracked 
| 220|0x00000000edc00000, 0x00000000edc00000, 0x00000000edd00000|  0%| F|  |TAMS 0x00000000edc00000, 0x00000000edc00000| Untracked 
| 221|0x00000000edd00000, 0x00000000edd00000, 0x00000000ede00000|  0%| F|  |TAMS 0x00000000edd00000, 0x00000000edd00000| Untracked 
| 222|0x00000000ede00000, 0x00000000ede00000, 0x00000000edf00000|  0%| F|  |TAMS 0x00000000ede00000, 0x00000000ede00000| Untracked 
| 223|0x00000000edf00000, 0x00000000edfe8b08, 0x00000000ee000000| 90%| E|  |TAMS 0x00000000edf00000, 0x00000000edf00000| Complete 
| 224|0x00000000ee000000, 0x00000000ee100000, 0x00000000ee100000|100%| E|CS|TAMS 0x00000000ee000000, 0x00000000ee000000| Complete 
| 225|0x00000000ee100000, 0x00000000ee200000, 0x00000000ee200000|100%| E|CS|TAMS 0x00000000ee100000, 0x00000000ee100000| Complete 
| 226|0x00000000ee200000, 0x00000000ee300000, 0x00000000ee300000|100%| E|CS|TAMS 0x00000000ee200000, 0x00000000ee200000| Complete 
| 227|0x00000000ee300000, 0x00000000ee400000, 0x00000000ee400000|100%| E|CS|TAMS 0x00000000ee300000, 0x00000000ee300000| Complete 
| 228|0x00000000ee400000, 0x00000000ee500000, 0x00000000ee500000|100%| E|CS|TAMS 0x00000000ee400000, 0x00000000ee400000| Complete 
| 229|0x00000000ee500000, 0x00000000ee600000, 0x00000000ee600000|100%| E|CS|TAMS 0x00000000ee500000, 0x00000000ee500000| Complete 
| 230|0x00000000ee600000, 0x00000000ee700000, 0x00000000ee700000|100%| E|CS|TAMS 0x00000000ee600000, 0x00000000ee600000| Complete 
| 231|0x00000000ee700000, 0x00000000ee800000, 0x00000000ee800000|100%| E|CS|TAMS 0x00000000ee700000, 0x00000000ee700000| Complete 
| 232|0x00000000ee800000, 0x00000000ee900000, 0x00000000ee900000|100%| E|CS|TAMS 0x00000000ee800000, 0x00000000ee800000| Complete 
| 233|0x00000000ee900000, 0x00000000eea00000, 0x00000000eea00000|100%| E|CS|TAMS 0x00000000ee900000, 0x00000000ee900000| Complete 
| 234|0x00000000eea00000, 0x00000000eeb00000, 0x00000000eeb00000|100%| E|CS|TAMS 0x00000000eea00000, 0x00000000eea00000| Complete 
| 235|0x00000000eeb00000, 0x00000000eec00000, 0x00000000eec00000|100%| E|CS|TAMS 0x00000000eeb00000, 0x00000000eeb00000| Complete 
| 236|0x00000000eec00000, 0x00000000eed00000, 0x00000000eed00000|100%| E|CS|TAMS 0x00000000eec00000, 0x00000000eec00000| Complete 
| 237|0x00000000eed00000, 0x00000000eee00000, 0x00000000eee00000|100%| E|CS|TAMS 0x00000000eed00000, 0x00000000eed00000| Complete 
| 238|0x00000000eee00000, 0x00000000eef00000, 0x00000000eef00000|100%| E|CS|TAMS 0x00000000eee00000, 0x00000000eee00000| Complete 
| 239|0x00000000eef00000, 0x00000000ef000000, 0x00000000ef000000|100%| E|CS|TAMS 0x00000000eef00000, 0x00000000eef00000| Complete 
| 240|0x00000000ef000000, 0x00000000ef100000, 0x00000000ef100000|100%| E|CS|TAMS 0x00000000ef000000, 0x00000000ef000000| Complete 
| 241|0x00000000ef100000, 0x00000000ef200000, 0x00000000ef200000|100%| E|CS|TAMS 0x00000000ef100000, 0x00000000ef100000| Complete 
| 242|0x00000000ef200000, 0x00000000ef300000, 0x00000000ef300000|100%| E|CS|TAMS 0x00000000ef200000, 0x00000000ef200000| Complete 
| 243|0x00000000ef300000, 0x00000000ef400000, 0x00000000ef400000|100%| E|CS|TAMS 0x00000000ef300000, 0x00000000ef300000| Complete 
| 244|0x00000000ef400000, 0x00000000ef500000, 0x00000000ef500000|100%| E|CS|TAMS 0x00000000ef400000, 0x00000000ef400000| Complete 
| 245|0x00000000ef500000, 0x00000000ef600000, 0x00000000ef600000|100%| E|CS|TAMS 0x00000000ef500000, 0x00000000ef500000| Complete 
| 246|0x00000000ef600000, 0x00000000ef700000, 0x00000000ef700000|100%| E|CS|TAMS 0x00000000ef600000, 0x00000000ef600000| Complete 
| 247|0x00000000ef700000, 0x00000000ef800000, 0x00000000ef800000|100%| E|CS|TAMS 0x00000000ef700000, 0x00000000ef700000| Complete 
| 248|0x00000000ef800000, 0x00000000ef900000, 0x00000000ef900000|100%| E|CS|TAMS 0x00000000ef800000, 0x00000000ef800000| Complete 
| 249|0x00000000ef900000, 0x00000000ef97f750, 0x00000000efa00000| 49%| S|CS|TAMS 0x00000000ef900000, 0x00000000ef900000| Complete 
| 250|0x00000000efa00000, 0x00000000efb00000, 0x00000000efb00000|100%| S|CS|TAMS 0x00000000efa00000, 0x00000000efa00000| Complete 
| 251|0x00000000efb00000, 0x00000000efc00000, 0x00000000efc00000|100%| E|CS|TAMS 0x00000000efb00000, 0x00000000efb00000| Complete 
| 252|0x00000000efc00000, 0x00000000efd00000, 0x00000000efd00000|100%| E|CS|TAMS 0x00000000efc00000, 0x00000000efc00000| Complete 
| 253|0x00000000efd00000, 0x00000000efe00000, 0x00000000efe00000|100%| E|CS|TAMS 0x00000000efd00000, 0x00000000efd00000| Complete 
| 254|0x00000000efe00000, 0x00000000eff00000, 0x00000000eff00000|100%| E|CS|TAMS 0x00000000efe00000, 0x00000000efe00000| Complete 
| 255|0x00000000eff00000, 0x00000000f0000000, 0x00000000f0000000|100%| E|CS|TAMS 0x00000000eff00000, 0x00000000eff00000| Complete 

Card table byte_map: [0x0000020342e20000,0x0000020342f20000] _byte_map_base: 0x0000020342720000

Marking Bits (Prev, Next): (CMBitMap*) 0x00000203297e6138, (CMBitMap*) 0x00000203297e6170
 Prev Bits: [0x0000020343020000, 0x0000020343820000)
 Next Bits: [0x0000020343820000, 0x0000020344020000)

Polling page: 0x0000020329890000

Metaspace:

Usage:
  Non-class:     32.48 MB capacity,    31.98 MB ( 98%) used,   427.50 KB (  1%) free+waste,    84.63 KB ( <1%) overhead. 
      Class:      4.96 MB capacity,     4.65 MB ( 94%) used,   281.15 KB (  6%) free+waste,    40.31 KB ( <1%) overhead. 
       Both:     37.44 MB capacity,    36.63 MB ( 98%) used,   708.65 KB (  2%) free+waste,   124.94 KB ( <1%) overhead. 

Virtual space:
  Non-class space:       34.00 MB reserved,      32.63 MB ( 96%) committed 
      Class space:      248.00 MB reserved,       5.07 MB (  2%) committed 
             Both:      282.00 MB reserved,      37.70 MB ( 13%) committed 

Chunk freelists:
   Non-Class:  25.00 KB
       Class:  5.00 KB
        Both:  30.00 KB

MaxMetaspaceSize: 256.00 MB
CompressedClassSpaceSize: 248.00 MB
Initial GC threshold: 20.80 MB
Current GC threshold: 59.09 MB
CDS: off

CodeHeap 'non-profiled nmethods': size=120064Kb used=1454Kb max_used=1454Kb free=118609Kb
 bounds [0x000002033b1c0000, 0x000002033b430000, 0x0000020342700000]
CodeHeap 'profiled nmethods': size=120000Kb used=6975Kb max_used=6975Kb free=113024Kb
 bounds [0x0000020333c90000, 0x0000020334360000, 0x000002033b1c0000]
CodeHeap 'non-nmethods': size=5696Kb used=1581Kb max_used=1593Kb free=4114Kb
 bounds [0x0000020333700000, 0x0000020333970000, 0x0000020333c90000]
 total_blobs=3972 nmethods=3352 adapters=532
 compilation: enabled
              stopped_count=0, restarted_count=0
 full_count=0

Compilation events (20 events):
Event: 44.169 Thread 0x0000020346fd0000 3214       3       jdk.internal.jrtfs.JrtPath::checkPath (47 bytes)
Event: 44.169 Thread 0x0000020346fd0000 nmethod 3214 0x000002033431ea10 code [0x000002033431ece0, 0x000002033431fa78]
Event: 44.169 Thread 0x0000020346fd0000 3215       3       jdk.internal.jrtfs.JrtFileSystem$$Lambda$336/0x00000001004cbc40::test (12 bytes)
Event: 44.169 Thread 0x0000020346fd0000 nmethod 3215 0x000002033431ff10 code [0x0000020334320100, 0x0000020334320598]
Event: 44.169 Thread 0x0000020346fd0000 3216   !   3       jdk.internal.jrtfs.JrtFileSystem::lambda$iteratorOf$3 (11 bytes)
Event: 44.170 Thread 0x0000020346fd0000 nmethod 3216 0x0000020334320790 code [0x0000020334320960, 0x0000020334320c78]
Event: 44.170 Thread 0x0000020346fd0000 3217       3       java.util.stream.StreamSpliterators$WrappingSpliterator$$Lambda$337/0x00000001004cb040::accept (9 bytes)
Event: 44.170 Thread 0x0000020346fd0000 nmethod 3217 0x0000020334320e10 code [0x0000020334320fc0, 0x0000020334321188]
Event: 44.170 Thread 0x0000020346fd0000 3218       3       java.util.stream.SpinedBuffer::get (123 bytes)
Event: 44.170 Thread 0x0000020346fd0000 nmethod 3218 0x0000020334321290 code [0x00000203343214e0, 0x0000020334321cd8]
Event: 44.170 Thread 0x0000020346fd0000 3219       3       jdk.internal.jrtfs.JrtDirectoryStream$1::next (5 bytes)
Event: 44.170 Thread 0x0000020346fd0000 nmethod 3219 0x0000020334322090 code [0x0000020334322240, 0x0000020334322368]
Event: 44.170 Thread 0x0000020346fd0000 3203       3       jdk.internal.jrtfs.JrtPath::<init> (23 bytes)
Event: 44.171 Thread 0x0000020346fd0000 nmethod 3203 0x0000020334322410 code [0x00000203343225e0, 0x00000203343228a8]
Event: 44.171 Thread 0x0000020346fd0000 3204       3       jdk.internal.jrtfs.JrtFileSystemProvider::readAttributes (23 bytes)
Event: 44.171 Thread 0x0000020346fd0000 nmethod 3204 0x0000020334322990 code [0x0000020334322be0, 0x0000020334323418]
Event: 44.171 Thread 0x0000020346fd0000 3205       3       jdk.internal.jrtfs.JrtPath::getAttributes (28 bytes)
Event: 44.171 Thread 0x0000020346fd0000 nmethod 3205 0x0000020334323710 code [0x00000203343238e0, 0x0000020334323b58]
Event: 44.171 Thread 0x0000020346fd0000 3185       3       jdk.internal.jrtfs.JrtPath::resolve (125 bytes)
Event: 44.173 Thread 0x0000020346fd0000 nmethod 3185 0x0000020334323c90 code [0x0000020334324060, 0x0000020334325a48]

GC Heap History (20 events):
Event: 13.381 GC heap before
{Heap before GC invocations=3 (full 0):
 garbage-first heap   total 262144K, used 20967K [0x00000000e0000000, 0x0000000100000000)
  region size 1024K, 12 young (12288K), 1 survivors (1024K)
 Metaspace       used 11125K, capacity 11391K, committed 11520K, reserved 264192K
  class space    used 1140K, capacity 1243K, committed 1280K, reserved 253952K
}
Event: 13.382 GC heap after
{Heap after GC invocations=4 (full 0):
 garbage-first heap   total 262144K, used 9825K [0x00000000e0000000, 0x0000000100000000)
  region size 1024K, 1 young (1024K), 1 survivors (1024K)
 Metaspace       used 11125K, capacity 11391K, committed 11520K, reserved 264192K
  class space    used 1140K, capacity 1243K, committed 1280K, reserved 253952K
}
Event: 15.061 GC heap before
{Heap before GC invocations=4 (full 0):
 garbage-first heap   total 262144K, used 34401K [0x00000000e0000000, 0x0000000100000000)
  region size 1024K, 25 young (25600K), 1 survivors (1024K)
 Metaspace       used 13613K, capacity 13954K, committed 14208K, reserved 268288K
  class space    used 1483K, capacity 1588K, committed 1664K, reserved 253952K
}
Event: 15.065 GC heap after
{Heap after GC invocations=5 (full 0):
 garbage-first heap   total 262144K, used 15081K [0x00000000e0000000, 0x0000000100000000)
  region size 1024K, 4 young (4096K), 4 survivors (4096K)
 Metaspace       used 13613K, capacity 13954K, committed 14208K, reserved 268288K
  class space    used 1483K, capacity 1588K, committed 1664K, reserved 253952K
}
Event: 17.618 GC heap before
{Heap before GC invocations=5 (full 0):
 garbage-first heap   total 262144K, used 23273K [0x00000000e0000000, 0x0000000100000000)
  region size 1024K, 12 young (12288K), 4 survivors (4096K)
 Metaspace       used 16418K, capacity 16791K, committed 16896K, reserved 270336K
  class space    used 1861K, capacity 2001K, committed 2048K, reserved 253952K
}
Event: 17.622 GC heap after
{Heap after GC invocations=6 (full 0):
 garbage-first heap   total 262144K, used 15836K [0x00000000e0000000, 0x0000000100000000)
  region size 1024K, 1 young (1024K), 1 survivors (1024K)
 Metaspace       used 16418K, capacity 16791K, committed 16896K, reserved 270336K
  class space    used 1861K, capacity 2001K, committed 2048K, reserved 253952K
}
Event: 20.355 GC heap before
{Heap before GC invocations=6 (full 0):
 garbage-first heap   total 262144K, used 27100K [0x00000000e0000000, 0x0000000100000000)
  region size 1024K, 12 young (12288K), 1 survivors (1024K)
 Metaspace       used 17678K, capacity 18038K, committed 18176K, reserved 270336K
  class space    used 2068K, capacity 2186K, committed 2304K, reserved 253952K
}
Event: 20.362 GC heap after
{Heap after GC invocations=7 (full 0):
 garbage-first heap   total 262144K, used 16451K [0x00000000e0000000, 0x0000000100000000)
  region size 1024K, 2 young (2048K), 2 survivors (2048K)
 Metaspace       used 17678K, capacity 18038K, committed 18176K, reserved 270336K
  class space    used 2068K, capacity 2186K, committed 2304K, reserved 253952K
}
Event: 21.830 GC heap before
{Heap before GC invocations=7 (full 0):
 garbage-first heap   total 262144K, used 27715K [0x00000000e0000000, 0x0000000100000000)
  region size 1024K, 13 young (13312K), 2 survivors (2048K)
 Metaspace       used 18981K, capacity 19368K, committed 19584K, reserved 272384K
  class space    used 2281K, capacity 2416K, committed 2432K, reserved 253952K
}
Event: 21.836 GC heap after
{Heap after GC invocations=8 (full 0):
 garbage-first heap   total 262144K, used 16775K [0x00000000e0000000, 0x0000000100000000)
  region size 1024K, 1 young (1024K), 1 survivors (1024K)
 Metaspace       used 18981K, capacity 19368K, committed 19584K, reserved 272384K
  class space    used 2281K, capacity 2416K, committed 2432K, reserved 253952K
}
Event: 24.355 GC heap before
{Heap before GC invocations=8 (full 0):
 garbage-first heap   total 262144K, used 28039K [0x00000000e0000000, 0x0000000100000000)
  region size 1024K, 13 young (13312K), 1 survivors (1024K)
 Metaspace       used 20815K, capacity 21217K, committed 21296K, reserved 274432K
  class space    used 2525K, capacity 2675K, committed 2688K, reserved 253952K
}
Event: 24.364 GC heap after
{Heap after GC invocations=9 (full 0):
 garbage-first heap   total 262144K, used 17238K [0x00000000e0000000, 0x0000000100000000)
  region size 1024K, 2 young (2048K), 2 survivors (2048K)
 Metaspace       used 20815K, capacity 21217K, committed 21296K, reserved 274432K
  class space    used 2525K, capacity 2675K, committed 2688K, reserved 253952K
}
Event: 25.455 GC heap before
{Heap before GC invocations=10 (full 0):
 garbage-first heap   total 262144K, used 27478K [0x00000000e0000000, 0x0000000100000000)
  region size 1024K, 12 young (12288K), 2 survivors (2048K)
 Metaspace       used 21799K, capacity 22333K, committed 22524K, reserved 274432K
  class space    used 2703K, capacity 2878K, committed 2892K, reserved 253952K
}
Event: 25.458 GC heap after
{Heap after GC invocations=11 (full 0):
 garbage-first heap   total 262144K, used 17477K [0x00000000e0000000, 0x0000000100000000)
  region size 1024K, 2 young (2048K), 2 survivors (2048K)
 Metaspace       used 21799K, capacity 22333K, committed 22524K, reserved 274432K
  class space    used 2703K, capacity 2878K, committed 2892K, reserved 253952K
}
Event: 29.930 GC heap before
{Heap before GC invocations=11 (full 0):
 garbage-first heap   total 262144K, used 56389K [0x00000000e0000000, 0x0000000100000000)
  region size 1024K, 40 young (40960K), 2 survivors (2048K)
 Metaspace       used 25733K, capacity 26288K, committed 26492K, reserved 278528K
  class space    used 3316K, capacity 3518K, committed 3532K, reserved 253952K
}
Event: 29.933 GC heap after
{Heap after GC invocations=12 (full 0):
 garbage-first heap   total 262144K, used 19140K [0x00000000e0000000, 0x0000000100000000)
  region size 1024K, 3 young (3072K), 3 survivors (3072K)
 Metaspace       used 25733K, capacity 26288K, committed 26492K, reserved 278528K
  class space    used 3316K, capacity 3518K, committed 3532K, reserved 253952K
}
Event: 42.836 GC heap before
{Heap before GC invocations=12 (full 0):
 garbage-first heap   total 262144K, used 79556K [0x00000000e0000000, 0x0000000100000000)
  region size 1024K, 63 young (64512K), 3 survivors (3072K)
 Metaspace       used 35108K, capacity 35844K, committed 36048K, reserved 286720K
  class space    used 4506K, capacity 4810K, committed 4940K, reserved 253952K
}
Event: 42.846 GC heap after
{Heap after GC invocations=13 (full 0):
 garbage-first heap   total 262144K, used 22791K [0x00000000e0000000, 0x0000000100000000)
  region size 1024K, 7 young (7168K), 7 survivors (7168K)
 Metaspace       used 35108K, capacity 35844K, committed 36048K, reserved 286720K
  class space    used 4506K, capacity 4810K, committed 4940K, reserved 253952K
}
Event: 43.546 GC heap before
{Heap before GC invocations=14 (full 0):
 garbage-first heap   total 262144K, used 26887K [0x00000000e0000000, 0x0000000100000000)
  region size 1024K, 12 young (12288K), 7 survivors (7168K)
 Metaspace       used 35888K, capacity 36683K, committed 36944K, reserved 286720K
  class space    used 4626K, capacity 4962K, committed 5068K, reserved 253952K
}
Event: 43.554 GC heap after
{Heap after GC invocations=15 (full 0):
 garbage-first heap   total 262144K, used 24084K [0x00000000e0000000, 0x0000000100000000)
  region size 1024K, 2 young (2048K), 2 survivors (2048K)
 Metaspace       used 35888K, capacity 36683K, committed 36944K, reserved 286720K
  class space    used 4626K, capacity 4962K, committed 5068K, reserved 253952K
}

Deoptimization events (20 events):
Event: 43.228 Thread 0x0000020347c77000 Uncommon trap: trap_request=0xffffffbe fr.pc=0x000002033b2ffe98 relative=0x0000000000003d18
Event: 43.228 Thread 0x0000020347c77000 Uncommon trap: reason=profile_predicate action=maybe_recompile pc=0x000002033b2ffe98 method=java.util.AbstractCollection.addAll(Ljava/util/Collection;)Z @ 15 c2
Event: 43.228 Thread 0x0000020347c77000 DEOPT PACKING pc=0x000002033b2ffe98 sp=0x000000c9f2ef84b0
Event: 43.228 Thread 0x0000020347c77000 DEOPT UNPACKING pc=0x000002033374a1af sp=0x000000c9f2ef84c8 mode 2
Event: 43.571 Thread 0x0000020347c77000 DEOPT PACKING pc=0x0000020333d28821 sp=0x000000c9f2ef8330
Event: 43.571 Thread 0x0000020347c77000 DEOPT UNPACKING pc=0x000002033374a95e sp=0x000000c9f2ef7828 mode 0
Event: 43.755 Thread 0x0000020347c77000 Uncommon trap: trap_request=0xffffff4d fr.pc=0x000002033b2f1d04 relative=0x00000000000003c4
Event: 43.755 Thread 0x0000020347c77000 Uncommon trap: reason=unstable_if action=reinterpret pc=0x000002033b2f1d04 method=java.lang.String.equalsIgnoreCase(Ljava/lang/String;)Z @ 36 c2
Event: 43.755 Thread 0x0000020347c77000 DEOPT PACKING pc=0x000002033b2f1d04 sp=0x000000c9f2ef6870
Event: 43.756 Thread 0x0000020347c77000 DEOPT UNPACKING pc=0x000002033374a1af sp=0x000000c9f2ef6830 mode 2
Event: 43.766 Thread 0x0000020347c77000 Uncommon trap: trap_request=0xffffffc6 fr.pc=0x000002033b2cd624 relative=0x0000000000004f04
Event: 43.766 Thread 0x0000020347c77000 Uncommon trap: reason=bimorphic_or_optimized_type_check action=maybe_recompile pc=0x000002033b2cd624 method=java.net.URL.<init>(Ljava/net/URL;Ljava/lang/String;Ljava/net/URLStreamHandler;)V @ 504 c2
Event: 43.766 Thread 0x0000020347c77000 DEOPT PACKING pc=0x000002033b2cd624 sp=0x000000c9f2ef62d0
Event: 43.766 Thread 0x0000020347c77000 DEOPT UNPACKING pc=0x000002033374a1af sp=0x000000c9f2ef6270 mode 2
Event: 44.059 Thread 0x0000020347c77000 Uncommon trap: trap_request=0xffffff4d fr.pc=0x000002033b2e6b10 relative=0x00000000000000d0
Event: 44.059 Thread 0x0000020347c77000 Uncommon trap: reason=unstable_if action=reinterpret pc=0x000002033b2e6b10 method=java.lang.Integer.valueOf(I)Ljava/lang/Integer; @ 3 c2
Event: 44.059 Thread 0x0000020347c77000 DEOPT PACKING pc=0x000002033b2e6b10 sp=0x000000c9f2ef6dc0
Event: 44.059 Thread 0x0000020347c77000 DEOPT UNPACKING pc=0x000002033374a1af sp=0x000000c9f2ef6d58 mode 2
Event: 44.121 Thread 0x0000020347c77000 DEOPT PACKING pc=0x0000020333d4fecc sp=0x000000c9f2ef7520
Event: 44.121 Thread 0x0000020347c77000 DEOPT UNPACKING pc=0x000002033374a95e sp=0x000000c9f2ef6ac0 mode 0

Classes redefined (0 events):
No events

Internal exceptions (20 events):
Event: 30.743 Thread 0x0000020347c77000 Exception <a 'java/lang/NoSuchMethodError'{0x00000000ef650bf0}: 'java.lang.Object java.lang.invoke.Invokers$Holder.linkToTargetMethod(java.lang.Object, java.lang.Object, java.lang.Object, java.lang.Object, java.lang.Object, java.lang.Object, java.lang.Object, java.lang.Object, java.lang.Object, java.lang.Object, java.lang.Object, java.lang.Object)'> (0x00000000ef650bf0) thrown at [./src/hotspot/share/interpreter/linkResolver.cpp, line 773]
Event: 30.814 Thread 0x0000020347c77000 Exception <a 'java/lang/NoSuchMethodError'{0x00000000ef6e1b40}: 'java.lang.Object java.lang.invoke.DirectMethodHandle$Holder.invokeStaticInit(java.lang.Object, java.lang.Object, java.lang.Object, java.lang.Object)'> (0x00000000ef6e1b40) thrown at [./src/hotspot/share/interpreter/linkResolver.cpp, line 773]
Event: 31.596 Thread 0x0000020347c77000 Implicit null exception at 0x000002033b274c75 to 0x000002033b274e3c
Event: 35.296 Thread 0x0000020347c77000 Exception <a 'java/lang/NoSuchMethodError'{0x00000000ed24d178}: 'int java.lang.invoke.DirectMethodHandle$Holder.invokeStatic(java.lang.Object, java.lang.Object, java.lang.Object, java.lang.Object, java.lang.Object)'> (0x00000000ed24d178) thrown at [./src/hotspot/share/interpreter/linkResolver.cpp, line 773]
Event: 35.996 Thread 0x000002034708b000 Exception <a 'java/lang/NoSuchMethodError'{0x00000000ed1f77e8}: 'void java.lang.invoke.DirectMethodHandle$Holder.invokeSpecial(java.lang.Object, java.lang.Object)'> (0x00000000ed1f77e8) thrown at [./src/hotspot/share/interpreter/linkResolver.cpp, line 773]
Event: 38.217 Thread 0x0000020347c77000 Exception <a 'java/lang/NoSuchMethodError'{0x00000000ecdcbf98}: 'void java.lang.invoke.DirectMethodHandle$Holder.invokeStaticInit(java.lang.Object, java.lang.Object, java.lang.Object, java.lang.Object)'> (0x00000000ecdcbf98) thrown at [./src/hotspot/share/interpreter/linkResolver.cpp, line 773]
Event: 39.171 Thread 0x0000020347c77000 Exception <a 'java/lang/NoSuchMethodError'{0x00000000ec9faa50}: 'void java.lang.invoke.DirectMethodHandle$Holder.invokeStaticInit(java.lang.Object, java.lang.Object, java.lang.Object)'> (0x00000000ec9faa50) thrown at [./src/hotspot/share/interpreter/linkResolver.cpp, line 773]
Event: 39.175 Thread 0x0000020347c77000 Exception <a 'java/lang/NoSuchMethodError'{0x00000000ec8209c0}: 'void java.lang.invoke.DirectMethodHandle$Holder.invokeStaticInit(java.lang.Object, java.lang.Object, java.lang.Object, java.lang.Object, java.lang.Object)'> (0x00000000ec8209c0) thrown at [./src/hotspot/share/interpreter/linkResolver.cpp, line 773]
Event: 39.235 Thread 0x0000020347c77000 Exception <a 'java/lang/NoSuchMethodError'{0x00000000ec89b180}: 'int java.lang.invoke.DirectMethodHandle$Holder.invokeStaticInit(java.lang.Object, java.lang.Object, java.lang.Object, java.lang.Object)'> (0x00000000ec89b180) thrown at [./src/hotspot/share/interpreter/linkResolver.cpp, line 773]
Event: 39.236 Thread 0x0000020347c77000 Exception <a 'java/lang/IncompatibleClassChangeError'{0x00000000ec8a4988}: Found class java.lang.Object, but interface was expected> (0x00000000ec8a4988) thrown at [./src/hotspot/share/interpreter/linkResolver.cpp, line 839]
Event: 43.099 Thread 0x0000020347c77000 Exception <a 'java/lang/NoSuchMethodError'{0x00000000efe10ed0}: 'java.lang.Object java.lang.invoke.DirectMethodHandle$Holder.invokeStatic(java.lang.Object, java.lang.Object, java.lang.Object, java.lang.Object, java.lang.Object, java.lang.Object, java.lang.Object, java.lang.Object, java.lang.Object, java.lang.Object, java.lang.Object, int)'> (0x00000000efe10ed0) thrown at [./src/hotspot/share/interpreter/linkResolver.cpp, line 773]
Event: 43.103 Thread 0x0000020347c77000 Exception <a 'java/lang/NoSuchMethodError'{0x00000000efe2fb18}: 'java.lang.Object java.lang.invoke.DirectMethodHandle$Holder.invokeStatic(java.lang.Object, java.lang.Object, java.lang.Object, java.lang.Object, java.lang.Object, java.lang.Object, java.lang.Object, java.lang.Object, java.lang.Object, java.lang.Object, java.lang.Object, int, int)'> (0x00000000efe2fb18) thrown at [./src/hotspot/share/interpreter/linkResolver.cpp, line 773]
Event: 43.106 Thread 0x0000020347c77000 Exception <a 'java/lang/NoSuchMethodError'{0x00000000efe4f5f0}: 'java.lang.Object java.lang.invoke.DirectMethodHandle$Holder.invokeStatic(java.lang.Object, java.lang.Object, java.lang.Object, java.lang.Object, java.lang.Object, java.lang.Object, java.lang.Object, java.lang.Object, java.lang.Object, java.lang.Object, java.lang.Object, int, int, java.lang.Object)'> (0x00000000efe4f5f0) thrown at [./src/hotspot/share/interpreter/linkResolver.cpp, line 773]
Event: 43.112 Thread 0x0000020347c77000 Exception <a 'java/lang/NoSuchMethodError'{0x00000000efe70990}: 'java.lang.Object java.lang.invoke.DirectMethodHandle$Holder.invokeStatic(java.lang.Object, java.lang.Object, java.lang.Object, java.lang.Object, java.lang.Object, java.lang.Object, java.lang.Object, java.lang.Object, java.lang.Object, java.lang.Object, java.lang.Object, int, int, java.lang.Object, java.lang.Object)'> (0x00000000efe70990) thrown at [./src/hotspot/share/interpreter/linkResolver.cpp, line 773]
Event: 43.130 Thread 0x0000020347c77000 Exception <a 'java/lang/ClassNotFoundException'{0x00000000efea0c08}: groovy/lang/ExpandoMetaClassBeanInfo> (0x00000000efea0c08) thrown at [./src/hotspot/share/classfile/systemDictionary.cpp, line 230]
Event: 43.131 Thread 0x0000020347c77000 Exception <a 'java/lang/ClassNotFoundException'{0x00000000efec0e00}: groovy/lang/MetaClassImplBeanInfo> (0x00000000efec0e00) thrown at [./src/hotspot/share/classfile/systemDictionary.cpp, line 230]
Event: 43.131 Thread 0x0000020347c77000 Exception <a 'java/lang/ClassNotFoundException'{0x00000000efeca0b8}: java/lang/ObjectBeanInfo> (0x00000000efeca0b8) thrown at [./src/hotspot/share/classfile/systemDictionary.cpp, line 230]
Event: 43.132 Thread 0x0000020347c77000 Exception <a 'java/lang/ClassNotFoundException'{0x00000000efed57b0}: java/lang/ObjectCustomizer> (0x00000000efed57b0) thrown at [./src/hotspot/share/classfile/systemDictionary.cpp, line 230]
Event: 43.192 Thread 0x0000020347c77000 Exception <a 'java/lang/ClassNotFoundException'{0x00000000efefc768}: groovy/lang/MetaClassImplCustomizer> (0x00000000efefc768) thrown at [./src/hotspot/share/classfile/systemDictionary.cpp, line 230]
Event: 43.226 Thread 0x0000020347c77000 Exception <a 'java/lang/ClassNotFoundException'{0x00000000efd3c7e0}: groovy/lang/ExpandoMetaClassCustomizer> (0x00000000efd3c7e0) thrown at [./src/hotspot/share/classfile/systemDictionary.cpp, line 230]

Events (20 events):
Event: 44.122 loading class jdk/internal/jimage/ImageReader$Directory
Event: 44.122 loading class jdk/internal/jimage/ImageReader$Node
Event: 44.122 loading class jdk/internal/jimage/ImageReader$Node done
Event: 44.122 loading class jdk/internal/jimage/ImageReader$Directory done
Event: 44.122 loading class jdk/internal/jrtfs/SystemImage$1
Event: 44.122 loading class jdk/internal/jrtfs/SystemImage$1 done
Event: 44.122 loading class jdk/internal/jimage/ImageReader$SharedImageReader$LocationVisitor
Event: 44.122 loading class jdk/internal/jimage/ImageReader$SharedImageReader$LocationVisitor done
Event: 44.123 loading class java/nio/ByteBufferAsIntBufferL
Event: 44.132 loading class java/nio/ByteBufferAsIntBufferL done
Event: 44.132 loading class jdk/internal/jrtfs/JrtFileAttributes
Event: 44.133 loading class jdk/internal/jrtfs/JrtFileAttributes done
Event: 44.133 loading class jdk/internal/jrtfs/JrtDirectoryStream
Event: 44.133 loading class jdk/internal/jrtfs/JrtDirectoryStream done
Event: 44.133 loading class jdk/internal/jrtfs/JrtDirectoryStream$1
Event: 44.133 loading class jdk/internal/jrtfs/JrtDirectoryStream$1 done
Event: 44.134 loading class java/util/function/BooleanSupplier
Event: 44.148 loading class java/util/function/BooleanSupplier done
Event: 44.149 loading class jdk/internal/jimage/ImageReader$Resource
Event: 44.149 loading class jdk/internal/jimage/ImageReader$Resource done


Dynamic libraries:
0x00007ff6f9520000 - 0x00007ff6f952d000 	C:\Program Files\Amazon Corretto\jdk11.0.15_9\bin\java.exe
0x00007ffa43b10000 - 0x00007ffa43cfd000 	C:\WINDOWS\SYSTEM32\ntdll.dll
0x00007ffa40d90000 - 0x00007ffa40e43000 	C:\WINDOWS\System32\KERNEL32.DLL
0x00007ffa408a0000 - 0x00007ffa40b33000 	C:\WINDOWS\System32\KERNELBASE.dll
0x00007ffa40030000 - 0x00007ffa4012a000 	C:\WINDOWS\System32\ucrtbase.dll
0x00007ffa2de60000 - 0x00007ffa2de77000 	C:\Program Files\Amazon Corretto\jdk11.0.15_9\bin\jli.dll
0x00007ffa2de80000 - 0x00007ffa2de99000 	C:\Program Files\Amazon Corretto\jdk11.0.15_9\bin\VCRUNTIME140.dll
0x00007ffa40e50000 - 0x00007ffa40fe7000 	C:\WINDOWS\System32\USER32.dll
0x00007ffa34ee0000 - 0x00007ffa35159000 	C:\WINDOWS\WinSxS\amd64_microsoft.windows.common-controls_6595b64144ccf1df_6.0.17763.802_none_05b1445c0722d2cc\COMCTL32.dll
0x00007ffa3fe70000 - 0x00007ffa3fe90000 	C:\WINDOWS\System32\win32u.dll
0x00007ffa40ff0000 - 0x00007ffa4108e000 	C:\WINDOWS\System32\msvcrt.dll
0x00007ffa41ac0000 - 0x00007ffa41ae9000 	C:\WINDOWS\System32\GDI32.dll
0x00007ffa40bf0000 - 0x00007ffa40d89000 	C:\WINDOWS\System32\gdi32full.dll
0x00007ffa43370000 - 0x00007ffa4369c000 	C:\WINDOWS\System32\combase.dll
0x00007ffa3fee0000 - 0x00007ffa3ff80000 	C:\WINDOWS\System32\msvcp_win.dll
0x00007ffa436a0000 - 0x00007ffa437c2000 	C:\WINDOWS\System32\RPCRT4.dll
0x00007ffa40b40000 - 0x00007ffa40bbe000 	C:\WINDOWS\System32\bcryptPrimitives.dll
0x00007ffa41090000 - 0x00007ffa410be000 	C:\WINDOWS\System32\IMM32.DLL
0x00007ffa2ddc0000 - 0x00007ffa2de5b000 	C:\Program Files\Amazon Corretto\jdk11.0.15_9\bin\msvcp140.dll
0x00007ffa1abf0000 - 0x00007ffa1b773000 	C:\Program Files\Amazon Corretto\jdk11.0.15_9\bin\server\jvm.dll
0x00007ffa41270000 - 0x00007ffa41313000 	C:\WINDOWS\System32\ADVAPI32.dll
0x00007ffa41b70000 - 0x00007ffa41c0e000 	C:\WINDOWS\System32\sechost.dll
0x00007ffa43a10000 - 0x00007ffa43a18000 	C:\WINDOWS\System32\PSAPI.DLL
0x00007ffa3db30000 - 0x00007ffa3db39000 	C:\WINDOWS\SYSTEM32\WSOCK32.dll
0x00007ffa43300000 - 0x00007ffa4336d000 	C:\WINDOWS\System32\WS2_32.dll
0x00007ffa3dd80000 - 0x00007ffa3dda4000 	C:\WINDOWS\SYSTEM32\WINMM.dll
0x00007ffa35ad0000 - 0x00007ffa35ada000 	C:\WINDOWS\SYSTEM32\VERSION.dll
0x00007ffa3dd50000 - 0x00007ffa3dd7d000 	C:\WINDOWS\SYSTEM32\WINMMBASE.dll
0x00007ffa3fe90000 - 0x00007ffa3feda000 	C:\WINDOWS\System32\cfgmgr32.dll
0x00007ffa3fbe0000 - 0x00007ffa3fbf1000 	C:\WINDOWS\System32\kernel.appcore.dll
0x00007ffa3da80000 - 0x00007ffa3da90000 	C:\Program Files\Amazon Corretto\jdk11.0.15_9\bin\verify.dll
0x00007ffa32770000 - 0x00007ffa3295d000 	C:\WINDOWS\SYSTEM32\DBGHELP.DLL
0x00007ffa326b0000 - 0x00007ffa326da000 	C:\WINDOWS\SYSTEM32\dbgcore.DLL
0x00007ffa2dd90000 - 0x00007ffa2ddb8000 	C:\Program Files\Amazon Corretto\jdk11.0.15_9\bin\java.dll
0x00007ffa34be0000 - 0x00007ffa34bea000 	C:\Program Files\Amazon Corretto\jdk11.0.15_9\bin\jimage.dll
0x00007ffa2dd70000 - 0x00007ffa2dd88000 	C:\Program Files\Amazon Corretto\jdk11.0.15_9\bin\zip.dll
0x00007ffa41c10000 - 0x00007ffa43104000 	C:\WINDOWS\System32\SHELL32.dll
0x00007ffa437d0000 - 0x00007ffa43878000 	C:\WINDOWS\System32\shcore.dll
0x00007ffa40150000 - 0x00007ffa4089d000 	C:\WINDOWS\System32\windows.storage.dll
0x00007ffa3fc00000 - 0x00007ffa3fc24000 	C:\WINDOWS\System32\profapi.dll
0x00007ffa3fb60000 - 0x00007ffa3fbbd000 	C:\WINDOWS\System32\powrprof.dll
0x00007ffa438e0000 - 0x00007ffa43932000 	C:\WINDOWS\System32\shlwapi.dll
0x00007ffa40130000 - 0x00007ffa40147000 	C:\WINDOWS\System32\cryptsp.dll
0x00007ffa2dd50000 - 0x00007ffa2dd69000 	C:\Program Files\Amazon Corretto\jdk11.0.15_9\bin\net.dll
0x00007ffa3bb50000 - 0x00007ffa3bc42000 	C:\WINDOWS\SYSTEM32\WINHTTP.dll
0x00007ffa3f3d0000 - 0x00007ffa3f437000 	C:\WINDOWS\system32\mswsock.dll
0x00007ffa2bfb0000 - 0x00007ffa2bfc3000 	C:\Program Files\Amazon Corretto\jdk11.0.15_9\bin\nio.dll
0x00007ffa2bfd0000 - 0x00007ffa2bff7000 	C:\Users\d1\.gradle\native\8bec1ad78214c89d9ad589b4d07fe93259594b29d510b10fafb7a158f7737e5d\windows-amd64\native-platform.dll
0x00007ffa2b2d0000 - 0x00007ffa2b40d000 	C:\Users\d1\.gradle\native\53dbd7edfb1c66fb8903c78663c9afc45aea4f116125fa6feffd364cf09443e8\windows-amd64\native-platform-file-events.dll
0x00007ffa34b90000 - 0x00007ffa34b99000 	C:\Program Files\Amazon Corretto\jdk11.0.15_9\bin\management.dll
0x00007ffa2b980000 - 0x00007ffa2b98b000 	C:\Program Files\Amazon Corretto\jdk11.0.15_9\bin\management_ext.dll
0x00007ffa3ef50000 - 0x00007ffa3ef83000 	C:\WINDOWS\system32\rsaenh.dll
0x00007ffa40bc0000 - 0x00007ffa40be6000 	C:\WINDOWS\System32\bcrypt.dll
0x00007ffa3fa60000 - 0x00007ffa3fa88000 	C:\WINDOWS\SYSTEM32\USERENV.dll
0x00007ffa3f5a0000 - 0x00007ffa3f5ac000 	C:\WINDOWS\SYSTEM32\CRYPTBASE.dll
0x00007ffa3f0f0000 - 0x00007ffa3f12d000 	C:\WINDOWS\SYSTEM32\IPHLPAPI.DLL
0x00007ffa43a20000 - 0x00007ffa43a28000 	C:\WINDOWS\System32\NSI.dll
0x00007ffa36140000 - 0x00007ffa36156000 	C:\WINDOWS\SYSTEM32\dhcpcsvc6.DLL
0x00007ffa36120000 - 0x00007ffa3613c000 	C:\WINDOWS\SYSTEM32\dhcpcsvc.DLL
0x00007ffa3f130000 - 0x00007ffa3f1f6000 	C:\WINDOWS\SYSTEM32\DNSAPI.dll

dbghelp: loaded successfully - version: 4.0.5 - missing functions: none
symbol engine: initialized successfully - sym options: 0x614 - pdb path: .;C:\Program Files\Amazon Corretto\jdk11.0.15_9\bin;C:\WINDOWS\SYSTEM32;C:\WINDOWS\WinSxS\amd64_microsoft.windows.common-controls_6595b64144ccf1df_6.0.17763.802_none_05b1445c0722d2cc;C:\Program Files\Amazon Corretto\jdk11.0.15_9\bin\server;C:\Users\d1\.gradle\native\8bec1ad78214c89d9ad589b4d07fe93259594b29d510b10fafb7a158f7737e5d\windows-amd64;C:\Users\d1\.gradle\native\53dbd7edfb1c66fb8903c78663c9afc45aea4f116125fa6feffd364cf09443e8\windows-amd64

VM Arguments:
jvm_args: --add-opens=java.base/java.util=ALL-UNNAMED --add-opens=java.base/java.lang=ALL-UNNAMED --add-opens=java.base/java.lang.invoke=ALL-UNNAMED --add-opens=java.base/java.util=ALL-UNNAMED --add-opens=java.prefs/java.util.prefs=ALL-UNNAMED --add-opens=java.prefs/java.util.prefs=ALL-UNNAMED --add-opens=java.base/java.nio.charset=ALL-UNNAMED --add-opens=java.base/java.net=ALL-UNNAMED --add-opens=java.base/java.util.concurrent.atomic=ALL-UNNAMED -XX:MaxMetaspaceSize=256m -XX:+HeapDumpOnOutOfMemoryError -Xms256m -Xmx512m -Dfile.encoding=windows-1252 -Duser.country=IN -Duser.language=en -Duser.variant 
java_command: org.gradle.launcher.daemon.bootstrap.GradleDaemon 7.1
java_class_path (initial): C:\Users\d1\.gradle\wrapper\dists\gradle-7.1-bin\4pslxx9lrxt5svtz5wbnb6tkz\gradle-7.1\lib\gradle-launcher-7.1.jar
Launcher Type: SUN_STANDARD

[Global flags]
     intx CICompilerCount                          = 3                                         {product} {ergonomic}
   size_t CompressedClassSpaceSize                 = 260046848                                 {product} {ergonomic}
     uint ConcGCThreads                            = 1                                         {product} {ergonomic}
     uint G1ConcRefinementThreads                  = 4                                         {product} {ergonomic}
   size_t G1HeapRegionSize                         = 1048576                                   {product} {ergonomic}
    uintx GCDrainStackTargetSize                   = 64                                        {product} {ergonomic}
     bool HeapDumpOnOutOfMemoryError               = true                                   {manageable} {command line}
   size_t InitialHeapSize                          = 268435456                                 {product} {command line}
   size_t MarkStackSize                            = 4194304                                   {product} {ergonomic}
   size_t MaxHeapSize                              = 536870912                                 {product} {command line}
   size_t MaxMetaspaceSize                         = 268435456                                 {product} {command line}
   size_t MaxNewSize                               = 321912832                                 {product} {ergonomic}
   size_t MinHeapDeltaBytes                        = 1048576                                   {product} {ergonomic}
    uintx NonNMethodCodeHeapSize                   = 5830732                                {pd product} {ergonomic}
    uintx NonProfiledCodeHeapSize                  = 122913754                              {pd product} {ergonomic}
    uintx ProfiledCodeHeapSize                     = 122913754                              {pd product} {ergonomic}
    uintx ReservedCodeCacheSize                    = 251658240                              {pd product} {ergonomic}
     bool SegmentedCodeCache                       = true                                      {product} {ergonomic}
     bool UseCompressedClassPointers               = true                                 {lp64_product} {ergonomic}
     bool UseCompressedOops                        = true                                 {lp64_product} {ergonomic}
     bool UseG1GC                                  = true                                      {product} {ergonomic}
     bool UseLargePagesIndividualAllocation        = false                                  {pd product} {ergonomic}

Logging:
Log output configuration:
 #0: stdout all=warning uptime,level,tags
 #1: stderr all=off uptime,level,tags

Environment Variables:
JAVA_HOME=C:\Program Files\Amazon Corretto\jdk11.0.15_9
PATH=C:\Program Files\Amazon Corretto\jdk11.0.15_9\bin;C:\Python310\Scripts\;C:\Python310\;C:\ProgramData\Oracle\Java\javapath;C:\Program Files (x86)\Common Files\Oracle\Java\javapath;C:\Program Files\Java\jdk-11.0.9;C:\WINDOWS\system32;C:\WINDOWS;C:\WINDOWS\System32\Wbem;C:\WINDOWS\System32\WindowsPowerShell\v1.0\;C:\Program Files\Java\jdk1.8.0_144\bin;C:\WINDOWS\System32\OpenSSH\;C:\Maven3.3.9\apache-maven-3.3.9\bin;C:\apache-tomcat-8.0.15\bin;C:\Program Files\Microsoft SQL Server\130\Tools\Binn\;C:\ProgramData\chocolatey\bin;C:\Program Files\nodejs\;C:\Users\d1\AppData\Local\Microsoft\WindowsApps;C:\Users\d1\AppData\Local\Programs\Git\cmd;C:\Users\d1\AppData\Local\Programs\Microsoft VS Code\bin;E:\TLVB\WORK\Java Masterclass\Applications\flutter_windows_2.5.3-stable\flutter\bin;C:\Users\d1\AppData\Local\GitHubDesktop\bin;C:\Program Files\liquibase;C:\Users\d1\AppData\Roaming\npm
USERNAME=D1
OS=Windows_NT
PROCESSOR_IDENTIFIER=Intel64 Family 6 Model 94 Stepping 3, GenuineIntel



---------------  S Y S T E M  ---------------

OS: Windows 10 , 64 bit Build 17763 (10.0.17763.475)
OS uptime: 0 days 0:41 hours

CPU:total 4 (initial active 4) (2 cores per cpu, 2 threads per core) family 6 model 94 stepping 3 microcode 0xc6, cmov, cx8, fxsr, mmx, sse, sse2, sse3, ssse3, sse4.1, sse4.2, popcnt, avx, avx2, aes, clmul, erms, 3dnowpref, lzcnt, ht, tsc, tscinvbit, bmi1, bmi2, adx, fma

Memory: 4k page, system-wide physical 8099M (292M free)
TotalPageFile size 32675M (AvailPageFile size 0M)
current process WorkingSet (physical memory assigned to process): 209M, peak: 209M
current process commit charge ("private bytes"): 410M, peak: 411M

vm_info: OpenJDK 64-Bit Server VM (11.0.15+9-LTS) for windows-amd64 JRE (11.0.15+9-LTS), built on Apr 15 2022 22:20:31 by "Administrator" with unknown MS VC++:1916

END.
